IQ-TREE multicore version 2.2.0.3 COVID-edition for Linux 64-bit built Aug  2 2022
Developed by Bui Quang Minh, James Barbetti, Nguyen Lam Tung,
Olga Chernomor, Heiko Schmidt, Dominik Schrempf, Michael Woodhams, Ly Trong Nhan.

Host:    quokka (AVX2, FMA3, 251 GB RAM)
Command: iqtree -s ds1.fasta -m JC+I -z ds1.mb-trees.rerooted.nwk -n 0 --redo
Seed:    438927 (Using SPRNG - Scalable Parallel Random Number Generator)
Time:    Thu Dec 15 12:11:37 2022
Kernel:  AVX+FMA - 1 threads (16 CPU cores detected)

HINT: Use -nt option to specify number of threads because your CPU has 16 cores!
HINT: -nt AUTO will automatically determine the best number of threads to use.

Reading alignment file ds1.fasta ... Fasta format detected
Reading fasta file: done in 0.00162006 secs using 49.87% CPU
Alignment most likely contains DNA/RNA sequences
Constructing alignment: done in 0.00336877 secs using 99.06% CPU
WARNING: 9 sites contain only gaps or ambiguous characters.
Alignment has 27 sequences with 1949 columns, 934 distinct patterns
206 parsimony-informative, 167 singleton sites, 1576 constant sites
    Gap/Ambiguity  Composition  p-value
Analyzing sequences: done in 0.00013571 secs using 98% CPU
   1  1    19.96%    passed     99.07%
   2  2    18.32%    passed     94.27%
   3  3    26.63%    passed     36.96%
   4  4    17.65%    passed     81.26%
   5  5    30.99%    passed     60.48%
   6  6    25.30%    passed     89.37%
   7  7    33.86%    passed     53.93%
   8  8    23.60%    passed     92.65%
   9  9    27.45%    passed     56.89%
  10  10   18.21%    passed     96.09%
  11  11    4.16%    passed     22.18%
  12  12   19.14%    passed     82.69%
  13  13   37.15%    passed     65.90%
  14  14   28.22%    passed     83.16%
  15  15    8.72%    passed     54.38%
  16  16    4.10%    passed     23.57%
  17  17   22.83%    passed     71.43%
  18  18    4.41%    passed     48.40%
  19  19   27.30%    passed     64.12%
  20  20    3.90%    passed     32.25%
  21  21   27.66%    passed     34.69%
  22  22   27.66%    passed     99.54%
  23  23   23.45%    passed     91.75%
  24  24   22.73%    passed     97.36%
  25  25   16.83%    passed     70.96%
  26  26   24.83%    passed     91.72%
  27  27    6.31%    passed     96.50%
****  TOTAL   20.42%  0 sequences failed composition chi2 test (p-value<5%; df=3)
Checking for duplicate sequences: done in 0.00017673 secs using 99.02% CPU

Create initial parsimony tree by phylogenetic likelihood library (PLL)... 0.001 seconds

NOTE: 0 MB RAM (0 GB) is required!
Estimate model parameters (epsilon = 0.010)
1. Initial log-likelihood: -6845.902
2. Current log-likelihood: -6640.652
3. Current log-likelihood: -6639.827
Optimal log-likelihood: -6639.827
Rate parameters:  A-C: 1.00000  A-G: 1.00000  A-T: 1.00000  C-G: 1.00000  C-T: 1.00000  G-T: 1.00000
Base frequencies:  A: 0.250  C: 0.250  G: 0.250  T: 0.250
Proportion of invariable sites: 0.755
Parameters optimization took 3 rounds (0.026 sec)
Wrote distance file to... 
BEST SCORE FOUND : -6639.827
Total tree length: 0.486

Total number of iterations: 0
CPU time used for tree search: 0.000 sec (0h:0m:0s)
Wall-clock time used for tree search: 0.000 sec (0h:0m:0s)
Total CPU time used: 0.036 sec (0h:0m:0s)
Total wall-clock time used: 0.049 sec (0h:0m:0s)
Reading trees in ds1.mb-trees.rerooted.nwk ...

2996 trees detected
Tree 1 / LogL: -6597.412
Tree 2 / LogL: -6596.859
Tree 3 / LogL: -6596.948
Tree 4 / LogL: -6599.326
Tree 5 / LogL: -6598.680
Tree 6 / LogL: -6597.927
Tree 7 / LogL: -6598.835
Tree 8 / LogL: -6597.649
Tree 9 / LogL: -6596.828
Tree 10 / LogL: -6596.919
Tree 11 / LogL: -6598.728
Tree 12 / LogL: -6598.177
Tree 13 / LogL: -6598.051
Tree 14 / LogL: -6600.592
Tree 15 / LogL: -6599.793
Tree 16 / LogL: -6598.153
Tree 17 / LogL: -6597.330
Tree 18 / LogL: -6598.949
Tree 19 / LogL: -6597.476
Tree 20 / LogL: -6598.050
Tree 21 / LogL: -6598.305
Tree 22 / LogL: -6598.188
Tree 23 / LogL: -6597.650
Tree 24 / LogL: -6598.666
Tree 25 / LogL: -6600.167
Tree 26 / LogL: -6599.659
Tree 27 / LogL: -6600.679
Tree 28 / LogL: -6599.636
Tree 29 / LogL: -6599.918
Tree 30 / LogL: -6600.806
Tree 31 / LogL: -6598.834
Tree 32 / LogL: -6599.575
Tree 33 / LogL: -6599.166
Tree 34 / LogL: -6599.082
Tree 35 / LogL: -6599.356
Tree 36 / LogL: -6600.172
Tree 37 / LogL: -6598.266
Tree 38 / LogL: -6598.108
Tree 39 / LogL: -6600.188
Tree 40 / LogL: -6598.805
Tree 41 / LogL: -6598.806
Tree 42 / LogL: -6599.006
Tree 43 / LogL: -6600.401
Tree 44 / LogL: -6600.541
Tree 45 / LogL: -6600.745
Tree 46 / LogL: -6601.915
Tree 47 / LogL: -6598.947
Tree 48 / LogL: -6601.021
Tree 49 / LogL: -6600.555
Tree 50 / LogL: -6600.241
Tree 51 / LogL: -6599.967
Tree 52 / LogL: -6598.020
Tree 53 / LogL: -6601.358
Tree 54 / LogL: -6601.327
Tree 55 / LogL: -6601.311
Tree 56 / LogL: -6601.544
Tree 57 / LogL: -6601.025
Tree 58 / LogL: -6601.498
Tree 59 / LogL: -6602.736
Tree 60 / LogL: -6600.485
Tree 61 / LogL: -6598.222
Tree 62 / LogL: -6601.560
Tree 63 / LogL: -6601.608
Tree 64 / LogL: -6599.731
Tree 65 / LogL: -6600.604
Tree 66 / LogL: -6600.164
Tree 67 / LogL: -6601.428
Tree 68 / LogL: -6599.233
Tree 69 / LogL: -6600.918
Tree 70 / LogL: -6601.322
Tree 71 / LogL: -6601.889
Tree 72 / LogL: -6599.672
Tree 73 / LogL: -6601.002
Tree 74 / LogL: -6599.280
Tree 75 / LogL: -6601.051
Tree 76 / LogL: -6600.139
Tree 77 / LogL: -6600.863
Tree 78 / LogL: -6598.713
Tree 79 / LogL: -6601.142
Tree 80 / LogL: -6602.201
Tree 81 / LogL: -6599.430
Tree 82 / LogL: -6600.499
Tree 83 / LogL: -6599.855
Tree 84 / LogL: -6601.282
Tree 85 / LogL: -6601.993
Tree 86 / LogL: -6600.493
Tree 87 / LogL: -6599.495
Tree 88 / LogL: -6601.319
Tree 89 / LogL: -6600.830
Tree 90 / LogL: -6601.014
Tree 91 / LogL: -6600.696
Tree 92 / LogL: -6601.544
Tree 93 / LogL: -6599.973
Tree 94 / LogL: -6601.561
Tree 95 / LogL: -6600.743
Tree 96 / LogL: -6600.460
Tree 97 / LogL: -6598.679
Tree 98 / LogL: -6599.326
Tree 99 / LogL: -6600.766
Tree 100 / LogL: -6600.673
Tree 101 / LogL: -6602.219
Tree 102 / LogL: -6600.177
Tree 103 / LogL: -6602.043
Tree 104 / LogL: -6598.947
Tree 105 / LogL: -6600.959
Tree 106 / LogL: -6599.493
Tree 107 / LogL: -6601.031
Tree 108 / LogL: -6600.437
Tree 109 / LogL: -6601.789
Tree 110 / LogL: -6603.427
Tree 111 / LogL: -6600.976
Tree 112 / LogL: -6600.475
Tree 113 / LogL: -6602.213
Tree 114 / LogL: -6600.017
Tree 115 / LogL: -6601.677
Tree 116 / LogL: -6602.662
Tree 117 / LogL: -6601.703
Tree 118 / LogL: -6602.752
Tree 119 / LogL: -6599.916
Tree 120 / LogL: -6600.010
Tree 121 / LogL: -6599.749
Tree 122 / LogL: -6600.197
Tree 123 / LogL: -6600.423
Tree 124 / LogL: -6602.433
Tree 125 / LogL: -6602.792
Tree 126 / LogL: -6600.878
Tree 127 / LogL: -6601.098
Tree 128 / LogL: -6600.561
Tree 129 / LogL: -6601.243
Tree 130 / LogL: -6600.700
Tree 131 / LogL: -6602.672
Tree 132 / LogL: -6600.439
Tree 133 / LogL: -6601.168
Tree 134 / LogL: -6601.889
Tree 135 / LogL: -6602.133
Tree 136 / LogL: -6601.752
Tree 137 / LogL: -6601.353
Tree 138 / LogL: -6601.646
Tree 139 / LogL: -6601.045
Tree 140 / LogL: -6602.567
Tree 141 / LogL: -6600.510
Tree 142 / LogL: -6600.053
Tree 143 / LogL: -6600.576
Tree 144 / LogL: -6602.414
Tree 145 / LogL: -6600.440
Tree 146 / LogL: -6599.602
Tree 147 / LogL: -6603.234
Tree 148 / LogL: -6601.677
Tree 149 / LogL: -6602.929
Tree 150 / LogL: -6601.147
Tree 151 / LogL: -6601.721
Tree 152 / LogL: -6600.755
Tree 153 / LogL: -6602.484
Tree 154 / LogL: -6602.392
Tree 155 / LogL: -6601.135
Tree 156 / LogL: -6599.857
Tree 157 / LogL: -6603.235
Tree 158 / LogL: -6602.524
Tree 159 / LogL: -6602.059
Tree 160 / LogL: -6601.670
Tree 161 / LogL: -6601.835
Tree 162 / LogL: -6601.805
Tree 163 / LogL: -6601.049
Tree 164 / LogL: -6602.354
Tree 165 / LogL: -6600.837
Tree 166 / LogL: -6600.663
Tree 167 / LogL: -6600.911
Tree 168 / LogL: -6601.888
Tree 169 / LogL: -6600.688
Tree 170 / LogL: -6601.291
Tree 171 / LogL: -6603.310
Tree 172 / LogL: -6600.664
Tree 173 / LogL: -6600.523
Tree 174 / LogL: -6603.002
Tree 175 / LogL: -6600.181
Tree 176 / LogL: -6601.531
Tree 177 / LogL: -6603.744
Tree 178 / LogL: -6600.277
Tree 179 / LogL: -6601.580
Tree 180 / LogL: -6601.835
Tree 181 / LogL: -6601.013
Tree 182 / LogL: -6602.635
Tree 183 / LogL: -6602.285
Tree 184 / LogL: -6602.052
Tree 185 / LogL: -6602.516
Tree 186 / LogL: -6602.796
Tree 187 / LogL: -6602.005
Tree 188 / LogL: -6602.731
Tree 189 / LogL: -6600.710
Tree 190 / LogL: -6601.921
Tree 191 / LogL: -6601.345
Tree 192 / LogL: -6600.030
Tree 193 / LogL: -6601.065
Tree 194 / LogL: -6602.102
Tree 195 / LogL: -6602.735
Tree 196 / LogL: -6599.910
Tree 197 / LogL: -6600.169
Tree 198 / LogL: -6601.846
Tree 199 / LogL: -6599.874
Tree 200 / LogL: -6602.743
Tree 201 / LogL: -6599.317
Tree 202 / LogL: -6601.915
Tree 203 / LogL: -6601.328
Tree 204 / LogL: -6601.992
Tree 205 / LogL: -6602.709
Tree 206 / LogL: -6600.521
Tree 207 / LogL: -6601.847
Tree 208 / LogL: -6602.602
Tree 209 / LogL: -6602.670
Tree 210 / LogL: -6601.565
Tree 211 / LogL: -6601.398
Tree 212 / LogL: -6602.765
Tree 213 / LogL: -6602.335
Tree 214 / LogL: -6600.382
Tree 215 / LogL: -6601.849
Tree 216 / LogL: -6601.752
Tree 217 / LogL: -6604.547
Tree 218 / LogL: -6602.609
Tree 219 / LogL: -6602.373
Tree 220 / LogL: -6602.102
Tree 221 / LogL: -6602.897
Tree 222 / LogL: -6601.847
Tree 223 / LogL: -6601.235
Tree 224 / LogL: -6603.885
Tree 225 / LogL: -6602.129
Tree 226 / LogL: -6599.891
Tree 227 / LogL: -6602.506
Tree 228 / LogL: -6601.013
Tree 229 / LogL: -6604.169
Tree 230 / LogL: -6604.103
Tree 231 / LogL: -6600.362
Tree 232 / LogL: -6603.056
Tree 233 / LogL: -6601.480
Tree 234 / LogL: -6601.947
Tree 235 / LogL: -6603.175
Tree 236 / LogL: -6601.767
Tree 237 / LogL: -6602.385
Tree 238 / LogL: -6601.014
Tree 239 / LogL: -6601.916
Tree 240 / LogL: -6602.026
Tree 241 / LogL: -6602.747
Tree 242 / LogL: -6601.515
Tree 243 / LogL: -6602.199
Tree 244 / LogL: -6601.168
Tree 245 / LogL: -6602.407
Tree 246 / LogL: -6601.822
Tree 247 / LogL: -6601.238
Tree 248 / LogL: -6603.043
Tree 249 / LogL: -6602.428
Tree 250 / LogL: -6600.185
Tree 251 / LogL: -6600.389
Tree 252 / LogL: -6602.058
Tree 253 / LogL: -6601.121
Tree 254 / LogL: -6603.133
Tree 255 / LogL: -6602.925
Tree 256 / LogL: -6601.038
Tree 257 / LogL: -6603.096
Tree 258 / LogL: -6602.471
Tree 259 / LogL: -6601.991
Tree 260 / LogL: -6602.861
Tree 261 / LogL: -6600.142
Tree 262 / LogL: -6603.520
Tree 263 / LogL: -6602.437
Tree 264 / LogL: -6602.532
Tree 265 / LogL: -6601.506
Tree 266 / LogL: -6603.891
Tree 267 / LogL: -6602.803
Tree 268 / LogL: -6601.212
Tree 269 / LogL: -6601.805
Tree 270 / LogL: -6603.131
Tree 271 / LogL: -6602.431
Tree 272 / LogL: -6602.673
Tree 273 / LogL: -6602.657
Tree 274 / LogL: -6601.585
Tree 275 / LogL: -6601.538
Tree 276 / LogL: -6602.107
Tree 277 / LogL: -6600.715
Tree 278 / LogL: -6601.689
Tree 279 / LogL: -6603.996
Tree 280 / LogL: -6602.725
Tree 281 / LogL: -6602.349
Tree 282 / LogL: -6602.640
Tree 283 / LogL: -6604.373
Tree 284 / LogL: -6602.581
Tree 285 / LogL: -6602.943
Tree 286 / LogL: -6601.715
Tree 287 / LogL: -6604.668
Tree 288 / LogL: -6603.845
Tree 289 / LogL: -6602.277
Tree 290 / LogL: -6602.978
Tree 291 / LogL: -6601.768
Tree 292 / LogL: -6602.382
Tree 293 / LogL: -6602.152
Tree 294 / LogL: -6603.244
Tree 295 / LogL: -6600.712
Tree 296 / LogL: -6600.480
Tree 297 / LogL: -6603.319
Tree 298 / LogL: -6602.328
Tree 299 / LogL: -6601.820
Tree 300 / LogL: -6602.986
Tree 301 / LogL: -6604.081
Tree 302 / LogL: -6600.948
Tree 303 / LogL: -6604.232
Tree 304 / LogL: -6600.805
Tree 305 / LogL: -6603.593
Tree 306 / LogL: -6603.372
Tree 307 / LogL: -6601.266
Tree 308 / LogL: -6602.604
Tree 309 / LogL: -6601.281
Tree 310 / LogL: -6600.945
Tree 311 / LogL: -6601.113
Tree 312 / LogL: -6603.658
Tree 313 / LogL: -6603.198
Tree 314 / LogL: -6599.336
Tree 315 / LogL: -6604.265
Tree 316 / LogL: -6600.454
Tree 317 / LogL: -6602.632
Tree 318 / LogL: -6601.773
Tree 319 / LogL: -6604.038
Tree 320 / LogL: -6601.888
Tree 321 / LogL: -6601.642
Tree 322 / LogL: -6600.442
Tree 323 / LogL: -6602.711
Tree 324 / LogL: -6602.642
Tree 325 / LogL: -6601.018
Tree 326 / LogL: -6600.123
Tree 327 / LogL: -6602.991
Tree 328 / LogL: -6602.636
Tree 329 / LogL: -6602.801
Tree 330 / LogL: -6603.725
Tree 331 / LogL: -6600.623
Tree 332 / LogL: -6602.440
Tree 333 / LogL: -6603.846
Tree 334 / LogL: -6601.038
Tree 335 / LogL: -6602.157
Tree 336 / LogL: -6601.821
Tree 337 / LogL: -6603.050
Tree 338 / LogL: -6600.031
Tree 339 / LogL: -6602.857
Tree 340 / LogL: -6603.364
Tree 341 / LogL: -6601.938
Tree 342 / LogL: -6601.849
Tree 343 / LogL: -6602.542
Tree 344 / LogL: -6600.946
Tree 345 / LogL: -6601.066
Tree 346 / LogL: -6602.316
Tree 347 / LogL: -6601.484
Tree 348 / LogL: -6604.493
Tree 349 / LogL: -6602.341
Tree 350 / LogL: -6602.807
Tree 351 / LogL: -6600.999
Tree 352 / LogL: -6603.445
Tree 353 / LogL: -6602.749
Tree 354 / LogL: -6602.095
Tree 355 / LogL: -6602.554
Tree 356 / LogL: -6603.183
Tree 357 / LogL: -6603.189
Tree 358 / LogL: -6601.928
Tree 359 / LogL: -6601.612
Tree 360 / LogL: -6601.253
Tree 361 / LogL: -6603.846
Tree 362 / LogL: -6602.523
Tree 363 / LogL: -6601.649
Tree 364 / LogL: -6603.418
Tree 365 / LogL: -6603.693
Tree 366 / LogL: -6601.954
Tree 367 / LogL: -6603.302
Tree 368 / LogL: -6603.543
Tree 369 / LogL: -6602.267
Tree 370 / LogL: -6605.497
Tree 371 / LogL: -6602.957
Tree 372 / LogL: -6603.701
Tree 373 / LogL: -6603.442
Tree 374 / LogL: -6601.778
Tree 375 / LogL: -6600.544
Tree 376 / LogL: -6600.891
Tree 377 / LogL: -6604.608
Tree 378 / LogL: -6604.181
Tree 379 / LogL: -6604.001
Tree 380 / LogL: -6602.898
Tree 381 / LogL: -6603.129
Tree 382 / LogL: -6604.163
Tree 383 / LogL: -6601.282
Tree 384 / LogL: -6603.263
Tree 385 / LogL: -6603.093
Tree 386 / LogL: -6604.477
Tree 387 / LogL: -6600.608
Tree 388 / LogL: -6602.605
Tree 389 / LogL: -6603.540
Tree 390 / LogL: -6600.253
Tree 391 / LogL: -6601.217
Tree 392 / LogL: -6604.155
Tree 393 / LogL: -6602.323
Tree 394 / LogL: -6602.320
Tree 395 / LogL: -6602.762
Tree 396 / LogL: -6601.649
Tree 397 / LogL: -6600.895
Tree 398 / LogL: -6601.927
Tree 399 / LogL: -6600.314
Tree 400 / LogL: -6604.066
Tree 401 / LogL: -6603.301
Tree 402 / LogL: -6603.507
Tree 403 / LogL: -6602.082
Tree 404 / LogL: -6599.920
Tree 405 / LogL: -6600.899
Tree 406 / LogL: -6602.323
Tree 407 / LogL: -6601.348
Tree 408 / LogL: -6602.553
Tree 409 / LogL: -6604.400
Tree 410 / LogL: -6601.366
Tree 411 / LogL: -6602.974
Tree 412 / LogL: -6604.850
Tree 413 / LogL: -6603.687
Tree 414 / LogL: -6603.562
Tree 415 / LogL: -6602.712
Tree 416 / LogL: -6601.730
Tree 417 / LogL: -6603.320
Tree 418 / LogL: -6600.157
Tree 419 / LogL: -6603.544
Tree 420 / LogL: -6602.291
Tree 421 / LogL: -6601.341
Tree 422 / LogL: -6604.308
Tree 423 / LogL: -6604.430
Tree 424 / LogL: -6603.880
Tree 425 / LogL: -6601.537
Tree 426 / LogL: -6603.911
Tree 427 / LogL: -6602.812
Tree 428 / LogL: -6604.335
Tree 429 / LogL: -6603.046
Tree 430 / LogL: -6603.809
Tree 431 / LogL: -6603.585
Tree 432 / LogL: -6602.866
Tree 433 / LogL: -6604.605
Tree 434 / LogL: -6603.895
Tree 435 / LogL: -6602.029
Tree 436 / LogL: -6605.257
Tree 437 / LogL: -6602.534
Tree 438 / LogL: -6602.192
Tree 439 / LogL: -6604.061
Tree 440 / LogL: -6603.230
Tree 441 / LogL: -6601.547
Tree 442 / LogL: -6603.215
Tree 443 / LogL: -6601.731
Tree 444 / LogL: -6603.666
Tree 445 / LogL: -6602.961
Tree 446 / LogL: -6601.937
Tree 447 / LogL: -6602.074
Tree 448 / LogL: -6604.815
Tree 449 / LogL: -6601.716
Tree 450 / LogL: -6604.933
Tree 451 / LogL: -6603.312
Tree 452 / LogL: -6603.372
Tree 453 / LogL: -6601.614
Tree 454 / LogL: -6602.577
Tree 455 / LogL: -6602.954
Tree 456 / LogL: -6604.278
Tree 457 / LogL: -6604.368
Tree 458 / LogL: -6604.838
Tree 459 / LogL: -6605.244
Tree 460 / LogL: -6600.275
Tree 461 / LogL: -6601.792
Tree 462 / LogL: -6604.841
Tree 463 / LogL: -6604.137
Tree 464 / LogL: -6603.130
Tree 465 / LogL: -6603.372
Tree 466 / LogL: -6601.505
Tree 467 / LogL: -6603.804
Tree 468 / LogL: -6602.396
Tree 469 / LogL: -6604.183
Tree 470 / LogL: -6601.566
Tree 471 / LogL: -6604.120
Tree 472 / LogL: -6600.443
Tree 473 / LogL: -6603.899
Tree 474 / LogL: -6601.880
Tree 475 / LogL: -6604.091
Tree 476 / LogL: -6604.821
Tree 477 / LogL: -6601.010
Tree 478 / LogL: -6601.635
Tree 479 / LogL: -6603.779
Tree 480 / LogL: -6603.012
Tree 481 / LogL: -6603.020
Tree 482 / LogL: -6604.472
Tree 483 / LogL: -6604.703
Tree 484 / LogL: -6605.269
Tree 485 / LogL: -6602.040
Tree 486 / LogL: -6603.480
Tree 487 / LogL: -6602.533
Tree 488 / LogL: -6603.853
Tree 489 / LogL: -6602.405
Tree 490 / LogL: -6605.022
Tree 491 / LogL: -6603.649
Tree 492 / LogL: -6604.109
Tree 493 / LogL: -6604.474
Tree 494 / LogL: -6604.436
Tree 495 / LogL: -6604.367
Tree 496 / LogL: -6600.249
Tree 497 / LogL: -6605.615
Tree 498 / LogL: -6600.806
Tree 499 / LogL: -6602.408
Tree 500 / LogL: -6604.725
Tree 501 / LogL: -6603.260
Tree 502 / LogL: -6603.740
Tree 503 / LogL: -6604.778
Tree 504 / LogL: -6602.899
Tree 505 / LogL: -6604.091
Tree 506 / LogL: -6603.008
Tree 507 / LogL: -6601.011
Tree 508 / LogL: -6601.437
Tree 509 / LogL: -6604.280
Tree 510 / LogL: -6601.212
Tree 511 / LogL: -6602.468
Tree 512 / LogL: -6600.837
Tree 513 / LogL: -6601.239
Tree 514 / LogL: -6604.259
Tree 515 / LogL: -6601.363
Tree 516 / LogL: -6605.663
Tree 517 / LogL: -6602.973
Tree 518 / LogL: -6603.184
Tree 519 / LogL: -6605.730
Tree 520 / LogL: -6602.481
Tree 521 / LogL: -6605.675
Tree 522 / LogL: -6602.493
Tree 523 / LogL: -6603.885
Tree 524 / LogL: -6602.324
Tree 525 / LogL: -6599.307
Tree 526 / LogL: -6603.114
Tree 527 / LogL: -6602.711
Tree 528 / LogL: -6604.584
Tree 529 / LogL: -6603.362
Tree 530 / LogL: -6602.620
Tree 531 / LogL: -6604.855
Tree 532 / LogL: -6602.665
Tree 533 / LogL: -6601.315
Tree 534 / LogL: -6602.501
Tree 535 / LogL: -6604.376
Tree 536 / LogL: -6605.412
Tree 537 / LogL: -6604.113
Tree 538 / LogL: -6603.038
Tree 539 / LogL: -6600.041
Tree 540 / LogL: -6606.110
Tree 541 / LogL: -6602.836
Tree 542 / LogL: -6603.004
Tree 543 / LogL: -6604.978
Tree 544 / LogL: -6602.554
Tree 545 / LogL: -6603.037
Tree 546 / LogL: -6604.380
Tree 547 / LogL: -6604.423
Tree 548 / LogL: -6602.892
Tree 549 / LogL: -6603.409
Tree 550 / LogL: -6605.674
Tree 551 / LogL: -6603.089
Tree 552 / LogL: -6601.909
Tree 553 / LogL: -6601.707
Tree 554 / LogL: -6604.031
Tree 555 / LogL: -6600.519
Tree 556 / LogL: -6602.546
Tree 557 / LogL: -6603.953
Tree 558 / LogL: -6603.477
Tree 559 / LogL: -6602.727
Tree 560 / LogL: -6602.229
Tree 561 / LogL: -6603.544
Tree 562 / LogL: -6603.618
Tree 563 / LogL: -6604.212
Tree 564 / LogL: -6603.780
Tree 565 / LogL: -6602.096
Tree 566 / LogL: -6605.063
Tree 567 / LogL: -6603.104
Tree 568 / LogL: -6603.840
Tree 569 / LogL: -6602.532
Tree 570 / LogL: -6604.306
Tree 571 / LogL: -6601.298
Tree 572 / LogL: -6603.226
Tree 573 / LogL: -6603.781
Tree 574 / LogL: -6601.500
Tree 575 / LogL: -6606.905
Tree 576 / LogL: -6603.418
Tree 577 / LogL: -6604.302
Tree 578 / LogL: -6601.463
Tree 579 / LogL: -6603.041
Tree 580 / LogL: -6604.133
Tree 581 / LogL: -6603.707
Tree 582 / LogL: -6603.525
Tree 583 / LogL: -6603.946
Tree 584 / LogL: -6603.259
Tree 585 / LogL: -6603.276
Tree 586 / LogL: -6604.922
Tree 587 / LogL: -6602.368
Tree 588 / LogL: -6603.789
Tree 589 / LogL: -6603.726
Tree 590 / LogL: -6602.449
Tree 591 / LogL: -6604.260
Tree 592 / LogL: -6606.315
Tree 593 / LogL: -6607.677
Tree 594 / LogL: -6602.365
Tree 595 / LogL: -6602.403
Tree 596 / LogL: -6604.776
Tree 597 / LogL: -6605.389
Tree 598 / LogL: -6603.432
Tree 599 / LogL: -6603.240
Tree 600 / LogL: -6603.561
Tree 601 / LogL: -6603.954
Tree 602 / LogL: -6604.589
Tree 603 / LogL: -6604.167
Tree 604 / LogL: -6601.424
Tree 605 / LogL: -6604.629
Tree 606 / LogL: -6603.736
Tree 607 / LogL: -6605.298
Tree 608 / LogL: -6601.612
Tree 609 / LogL: -6601.231
Tree 610 / LogL: -6601.715
Tree 611 / LogL: -6600.530
Tree 612 / LogL: -6604.921
Tree 613 / LogL: -6604.065
Tree 614 / LogL: -6601.489
Tree 615 / LogL: -6601.613
Tree 616 / LogL: -6604.101
Tree 617 / LogL: -6599.217
Tree 618 / LogL: -6603.260
Tree 619 / LogL: -6602.537
Tree 620 / LogL: -6601.511
Tree 621 / LogL: -6605.286
Tree 622 / LogL: -6605.023
Tree 623 / LogL: -6603.239
Tree 624 / LogL: -6602.154
Tree 625 / LogL: -6603.730
Tree 626 / LogL: -6603.385
Tree 627 / LogL: -6603.724
Tree 628 / LogL: -6604.585
Tree 629 / LogL: -6605.327
Tree 630 / LogL: -6605.299
Tree 631 / LogL: -6603.842
Tree 632 / LogL: -6601.725
Tree 633 / LogL: -6603.738
Tree 634 / LogL: -6604.882
Tree 635 / LogL: -6603.843
Tree 636 / LogL: -6601.677
Tree 637 / LogL: -6601.513
Tree 638 / LogL: -6602.676
Tree 639 / LogL: -6605.976
Tree 640 / LogL: -6603.145
Tree 641 / LogL: -6601.133
Tree 642 / LogL: -6600.875
Tree 643 / LogL: -6604.998
Tree 644 / LogL: -6602.551
Tree 645 / LogL: -6604.880
Tree 646 / LogL: -6605.464
Tree 647 / LogL: -6604.017
Tree 648 / LogL: -6603.841
Tree 649 / LogL: -6603.772
Tree 650 / LogL: -6603.455
Tree 651 / LogL: -6603.159
Tree 652 / LogL: -6603.528
Tree 653 / LogL: -6600.442
Tree 654 / LogL: -6604.136
Tree 655 / LogL: -6606.508
Tree 656 / LogL: -6604.592
Tree 657 / LogL: -6602.284
Tree 658 / LogL: -6603.600
Tree 659 / LogL: -6603.461
Tree 660 / LogL: -6601.607
Tree 661 / LogL: -6604.707
Tree 662 / LogL: -6604.614
Tree 663 / LogL: -6604.122
Tree 664 / LogL: -6602.913
Tree 665 / LogL: -6606.767
Tree 666 / LogL: -6602.988
Tree 667 / LogL: -6603.956
Tree 668 / LogL: -6603.211
Tree 669 / LogL: -6603.100
Tree 670 / LogL: -6602.685
Tree 671 / LogL: -6602.990
Tree 672 / LogL: -6602.231
Tree 673 / LogL: -6605.774
Tree 674 / LogL: -6600.541
Tree 675 / LogL: -6603.040
Tree 676 / LogL: -6603.364
Tree 677 / LogL: -6604.584
Tree 678 / LogL: -6602.975
Tree 679 / LogL: -6605.330
Tree 680 / LogL: -6603.579
Tree 681 / LogL: -6604.883
Tree 682 / LogL: -6604.554
Tree 683 / LogL: -6604.433
Tree 684 / LogL: -6605.187
Tree 685 / LogL: -6606.978
Tree 686 / LogL: -6606.234
Tree 687 / LogL: -6605.775
Tree 688 / LogL: -6603.993
Tree 689 / LogL: -6601.975
Tree 690 / LogL: -6604.470
Tree 691 / LogL: -6604.408
Tree 692 / LogL: -6602.824
Tree 693 / LogL: -6600.382
Tree 694 / LogL: -6605.478
Tree 695 / LogL: -6604.490
Tree 696 / LogL: -6604.268
Tree 697 / LogL: -6603.654
Tree 698 / LogL: -6604.232
Tree 699 / LogL: -6603.521
Tree 700 / LogL: -6601.891
Tree 701 / LogL: -6603.766
Tree 702 / LogL: -6601.995
Tree 703 / LogL: -6605.875
Tree 704 / LogL: -6601.617
Tree 705 / LogL: -6602.584
Tree 706 / LogL: -6603.490
Tree 707 / LogL: -6604.324
Tree 708 / LogL: -6604.958
Tree 709 / LogL: -6603.969
Tree 710 / LogL: -6602.865
Tree 711 / LogL: -6603.033
Tree 712 / LogL: -6602.723
Tree 713 / LogL: -6602.406
Tree 714 / LogL: -6604.586
Tree 715 / LogL: -6605.019
Tree 716 / LogL: -6603.271
Tree 717 / LogL: -6604.963
Tree 718 / LogL: -6605.958
Tree 719 / LogL: -6604.092
Tree 720 / LogL: -6605.101
Tree 721 / LogL: -6602.664
Tree 722 / LogL: -6605.198
Tree 723 / LogL: -6605.896
Tree 724 / LogL: -6605.587
Tree 725 / LogL: -6603.732
Tree 726 / LogL: -6602.722
Tree 727 / LogL: -6603.388
Tree 728 / LogL: -6602.902
Tree 729 / LogL: -6603.500
Tree 730 / LogL: -6605.102
Tree 731 / LogL: -6603.699
Tree 732 / LogL: -6600.043
Tree 733 / LogL: -6605.681
Tree 734 / LogL: -6602.998
Tree 735 / LogL: -6602.988
Tree 736 / LogL: -6604.765
Tree 737 / LogL: -6603.820
Tree 738 / LogL: -6602.223
Tree 739 / LogL: -6603.443
Tree 740 / LogL: -6600.588
Tree 741 / LogL: -6603.910
Tree 742 / LogL: -6603.120
Tree 743 / LogL: -6604.045
Tree 744 / LogL: -6605.829
Tree 745 / LogL: -6604.052
Tree 746 / LogL: -6605.893
Tree 747 / LogL: -6601.242
Tree 748 / LogL: -6604.451
Tree 749 / LogL: -6603.295
Tree 750 / LogL: -6605.274
Tree 751 / LogL: -6604.999
Tree 752 / LogL: -6605.273
Tree 753 / LogL: -6604.623
Tree 754 / LogL: -6603.234
Tree 755 / LogL: -6603.198
Tree 756 / LogL: -6602.185
Tree 757 / LogL: -6604.326
Tree 758 / LogL: -6604.031
Tree 759 / LogL: -6602.771
Tree 760 / LogL: -6604.068
Tree 761 / LogL: -6603.575
Tree 762 / LogL: -6604.238
Tree 763 / LogL: -6603.089
Tree 764 / LogL: -6602.917
Tree 765 / LogL: -6602.260
Tree 766 / LogL: -6604.929
Tree 767 / LogL: -6602.655
Tree 768 / LogL: -6605.226
Tree 769 / LogL: -6602.331
Tree 770 / LogL: -6603.087
Tree 771 / LogL: -6604.997
Tree 772 / LogL: -6602.548
Tree 773 / LogL: -6602.573
Tree 774 / LogL: -6602.566
Tree 775 / LogL: -6605.323
Tree 776 / LogL: -6603.626
Tree 777 / LogL: -6605.573
Tree 778 / LogL: -6602.780
Tree 779 / LogL: -6602.187
Tree 780 / LogL: -6604.122
Tree 781 / LogL: -6602.824
Tree 782 / LogL: -6605.161
Tree 783 / LogL: -6604.361
Tree 784 / LogL: -6605.352
Tree 785 / LogL: -6605.739
Tree 786 / LogL: -6604.251
Tree 787 / LogL: -6604.816
Tree 788 / LogL: -6604.704
Tree 789 / LogL: -6604.157
Tree 790 / LogL: -6601.749
Tree 791 / LogL: -6604.410
Tree 792 / LogL: -6606.409
Tree 793 / LogL: -6605.199
Tree 794 / LogL: -6605.123
Tree 795 / LogL: -6601.574
Tree 796 / LogL: -6603.567
Tree 797 / LogL: -6607.281
Tree 798 / LogL: -6605.104
Tree 799 / LogL: -6604.452
Tree 800 / LogL: -6603.800
Tree 801 / LogL: -6603.523
Tree 802 / LogL: -6604.738
Tree 803 / LogL: -6605.393
Tree 804 / LogL: -6602.362
Tree 805 / LogL: -6601.239
Tree 806 / LogL: -6601.953
Tree 807 / LogL: -6603.869
Tree 808 / LogL: -6601.231
Tree 809 / LogL: -6603.709
Tree 810 / LogL: -6602.549
Tree 811 / LogL: -6604.473
Tree 812 / LogL: -6604.708
Tree 813 / LogL: -6605.067
Tree 814 / LogL: -6605.485
Tree 815 / LogL: -6602.292
Tree 816 / LogL: -6603.947
Tree 817 / LogL: -6603.198
Tree 818 / LogL: -6603.963
Tree 819 / LogL: -6604.056
Tree 820 / LogL: -6602.525
Tree 821 / LogL: -6605.426
Tree 822 / LogL: -6604.407
Tree 823 / LogL: -6603.465
Tree 824 / LogL: -6604.976
Tree 825 / LogL: -6602.832
Tree 826 / LogL: -6600.963
Tree 827 / LogL: -6606.377
Tree 828 / LogL: -6607.261
Tree 829 / LogL: -6604.148
Tree 830 / LogL: -6601.828
Tree 831 / LogL: -6608.041
Tree 832 / LogL: -6604.800
Tree 833 / LogL: -6604.525
Tree 834 / LogL: -6604.955
Tree 835 / LogL: -6604.455
Tree 836 / LogL: -6603.531
Tree 837 / LogL: -6603.999
Tree 838 / LogL: -6602.565
Tree 839 / LogL: -6602.838
Tree 840 / LogL: -6606.417
Tree 841 / LogL: -6605.277
Tree 842 / LogL: -6603.800
Tree 843 / LogL: -6604.577
Tree 844 / LogL: -6605.939
Tree 845 / LogL: -6604.418
Tree 846 / LogL: -6606.535
Tree 847 / LogL: -6606.101
Tree 848 / LogL: -6603.526
Tree 849 / LogL: -6603.167
Tree 850 / LogL: -6602.411
Tree 851 / LogL: -6606.254
Tree 852 / LogL: -6602.597
Tree 853 / LogL: -6605.678
Tree 854 / LogL: -6603.814
Tree 855 / LogL: -6604.979
Tree 856 / LogL: -6602.239
Tree 857 / LogL: -6601.904
Tree 858 / LogL: -6601.580
Tree 859 / LogL: -6604.446
Tree 860 / LogL: -6604.258
Tree 861 / LogL: -6603.108
Tree 862 / LogL: -6601.669
Tree 863 / LogL: -6605.720
Tree 864 / LogL: -6607.021
Tree 865 / LogL: -6605.300
Tree 866 / LogL: -6603.802
Tree 867 / LogL: -6604.941
Tree 868 / LogL: -6603.193
Tree 869 / LogL: -6605.657
Tree 870 / LogL: -6604.430
Tree 871 / LogL: -6604.960
Tree 872 / LogL: -6605.468
Tree 873 / LogL: -6604.631
Tree 874 / LogL: -6608.332
Tree 875 / LogL: -6602.865
Tree 876 / LogL: -6604.636
Tree 877 / LogL: -6606.614
Tree 878 / LogL: -6601.779
Tree 879 / LogL: -6602.645
Tree 880 / LogL: -6604.912
Tree 881 / LogL: -6604.625
Tree 882 / LogL: -6606.444
Tree 883 / LogL: -6603.785
Tree 884 / LogL: -6604.384
Tree 885 / LogL: -6602.592
Tree 886 / LogL: -6605.651
Tree 887 / LogL: -6603.722
Tree 888 / LogL: -6602.894
Tree 889 / LogL: -6603.186
Tree 890 / LogL: -6606.806
Tree 891 / LogL: -6601.938
Tree 892 / LogL: -6607.769
Tree 893 / LogL: -6599.868
Tree 894 / LogL: -6601.229
Tree 895 / LogL: -6605.918
Tree 896 / LogL: -6606.696
Tree 897 / LogL: -6605.501
Tree 898 / LogL: -6603.483
Tree 899 / LogL: -6603.516
Tree 900 / LogL: -6603.350
Tree 901 / LogL: -6601.857
Tree 902 / LogL: -6604.416
Tree 903 / LogL: -6605.322
Tree 904 / LogL: -6601.840
Tree 905 / LogL: -6604.718
Tree 906 / LogL: -6602.431
Tree 907 / LogL: -6605.699
Tree 908 / LogL: -6601.539
Tree 909 / LogL: -6604.210
Tree 910 / LogL: -6605.798
Tree 911 / LogL: -6605.674
Tree 912 / LogL: -6604.595
Tree 913 / LogL: -6605.855
Tree 914 / LogL: -6602.253
Tree 915 / LogL: -6600.844
Tree 916 / LogL: -6605.891
Tree 917 / LogL: -6602.866
Tree 918 / LogL: -6605.011
Tree 919 / LogL: -6603.464
Tree 920 / LogL: -6604.824
Tree 921 / LogL: -6603.583
Tree 922 / LogL: -6603.014
Tree 923 / LogL: -6603.777
Tree 924 / LogL: -6606.123
Tree 925 / LogL: -6600.896
Tree 926 / LogL: -6602.692
Tree 927 / LogL: -6602.368
Tree 928 / LogL: -6603.239
Tree 929 / LogL: -6604.585
Tree 930 / LogL: -6605.873
Tree 931 / LogL: -6601.506
Tree 932 / LogL: -6603.416
Tree 933 / LogL: -6605.939
Tree 934 / LogL: -6604.121
Tree 935 / LogL: -6602.834
Tree 936 / LogL: -6607.948
Tree 937 / LogL: -6605.388
Tree 938 / LogL: -6605.245
Tree 939 / LogL: -6606.575
Tree 940 / LogL: -6605.017
Tree 941 / LogL: -6605.282
Tree 942 / LogL: -6601.199
Tree 943 / LogL: -6604.411
Tree 944 / LogL: -6603.819
Tree 945 / LogL: -6609.224
Tree 946 / LogL: -6607.420
Tree 947 / LogL: -6603.082
Tree 948 / LogL: -6605.100
Tree 949 / LogL: -6604.754
Tree 950 / LogL: -6604.842
Tree 951 / LogL: -6605.560
Tree 952 / LogL: -6605.235
Tree 953 / LogL: -6604.988
Tree 954 / LogL: -6603.871
Tree 955 / LogL: -6605.158
Tree 956 / LogL: -6604.884
Tree 957 / LogL: -6605.257
Tree 958 / LogL: -6605.410
Tree 959 / LogL: -6604.630
Tree 960 / LogL: -6606.796
Tree 961 / LogL: -6602.509
Tree 962 / LogL: -6603.373
Tree 963 / LogL: -6604.183
Tree 964 / LogL: -6604.606
Tree 965 / LogL: -6601.383
Tree 966 / LogL: -6604.347
Tree 967 / LogL: -6605.833
Tree 968 / LogL: -6606.166
Tree 969 / LogL: -6603.174
Tree 970 / LogL: -6604.678
Tree 971 / LogL: -6606.009
Tree 972 / LogL: -6605.831
Tree 973 / LogL: -6603.436
Tree 974 / LogL: -6603.296
Tree 975 / LogL: -6602.097
Tree 976 / LogL: -6601.612
Tree 977 / LogL: -6602.578
Tree 978 / LogL: -6605.923
Tree 979 / LogL: -6604.042
Tree 980 / LogL: -6604.716
Tree 981 / LogL: -6604.599
Tree 982 / LogL: -6604.698
Tree 983 / LogL: -6604.954
Tree 984 / LogL: -6605.209
Tree 985 / LogL: -6602.903
Tree 986 / LogL: -6608.639
Tree 987 / LogL: -6604.213
Tree 988 / LogL: -6603.827
Tree 989 / LogL: -6604.536
Tree 990 / LogL: -6604.524
Tree 991 / LogL: -6603.458
Tree 992 / LogL: -6605.704
Tree 993 / LogL: -6604.798
Tree 994 / LogL: -6603.643
Tree 995 / LogL: -6606.003
Tree 996 / LogL: -6605.745
Tree 997 / LogL: -6606.440
Tree 998 / LogL: -6604.633
Tree 999 / LogL: -6605.926
Tree 1000 / LogL: -6604.197
Tree 1001 / LogL: -6605.596
Tree 1002 / LogL: -6604.811
Tree 1003 / LogL: -6606.603
Tree 1004 / LogL: -6603.749
Tree 1005 / LogL: -6606.085
Tree 1006 / LogL: -6604.426
Tree 1007 / LogL: -6602.231
Tree 1008 / LogL: -6607.138
Tree 1009 / LogL: -6602.605
Tree 1010 / LogL: -6602.279
Tree 1011 / LogL: -6603.566
Tree 1012 / LogL: -6605.988
Tree 1013 / LogL: -6602.095
Tree 1014 / LogL: -6601.623
Tree 1015 / LogL: -6606.567
Tree 1016 / LogL: -6605.856
Tree 1017 / LogL: -6605.334
Tree 1018 / LogL: -6603.285
Tree 1019 / LogL: -6604.272
Tree 1020 / LogL: -6601.802
Tree 1021 / LogL: -6604.416
Tree 1022 / LogL: -6603.029
Tree 1023 / LogL: -6603.631
Tree 1024 / LogL: -6607.512
Tree 1025 / LogL: -6607.543
Tree 1026 / LogL: -6605.153
Tree 1027 / LogL: -6607.044
Tree 1028 / LogL: -6606.907
Tree 1029 / LogL: -6605.653
Tree 1030 / LogL: -6606.279
Tree 1031 / LogL: -6606.931
Tree 1032 / LogL: -6604.913
Tree 1033 / LogL: -6602.209
Tree 1034 / LogL: -6606.494
Tree 1035 / LogL: -6604.634
Tree 1036 / LogL: -6607.051
Tree 1037 / LogL: -6603.994
Tree 1038 / LogL: -6606.285
Tree 1039 / LogL: -6605.423
Tree 1040 / LogL: -6604.738
Tree 1041 / LogL: -6606.317
Tree 1042 / LogL: -6604.262
Tree 1043 / LogL: -6605.374
Tree 1044 / LogL: -6605.442
Tree 1045 / LogL: -6604.610
Tree 1046 / LogL: -6604.102
Tree 1047 / LogL: -6605.416
Tree 1048 / LogL: -6606.161
Tree 1049 / LogL: -6607.531
Tree 1050 / LogL: -6605.825
Tree 1051 / LogL: -6605.227
Tree 1052 / LogL: -6606.962
Tree 1053 / LogL: -6605.066
Tree 1054 / LogL: -6603.650
Tree 1055 / LogL: -6606.964
Tree 1056 / LogL: -6604.614
Tree 1057 / LogL: -6604.521
Tree 1058 / LogL: -6603.787
Tree 1059 / LogL: -6606.787
Tree 1060 / LogL: -6606.353
Tree 1061 / LogL: -6602.068
Tree 1062 / LogL: -6604.053
Tree 1063 / LogL: -6604.953
Tree 1064 / LogL: -6603.746
Tree 1065 / LogL: -6603.788
Tree 1066 / LogL: -6603.290
Tree 1067 / LogL: -6608.746
Tree 1068 / LogL: -6605.045
Tree 1069 / LogL: -6604.740
Tree 1070 / LogL: -6603.013
Tree 1071 / LogL: -6601.367
Tree 1072 / LogL: -6605.855
Tree 1073 / LogL: -6606.202
Tree 1074 / LogL: -6605.981
Tree 1075 / LogL: -6603.501
Tree 1076 / LogL: -6604.368
Tree 1077 / LogL: -6605.553
Tree 1078 / LogL: -6605.232
Tree 1079 / LogL: -6606.608
Tree 1080 / LogL: -6603.091
Tree 1081 / LogL: -6604.822
Tree 1082 / LogL: -6604.064
Tree 1083 / LogL: -6603.708
Tree 1084 / LogL: -6605.687
Tree 1085 / LogL: -6606.821
Tree 1086 / LogL: -6604.746
Tree 1087 / LogL: -6602.874
Tree 1088 / LogL: -6605.437
Tree 1089 / LogL: -6608.269
Tree 1090 / LogL: -6607.809
Tree 1091 / LogL: -6604.868
Tree 1092 / LogL: -6606.487
Tree 1093 / LogL: -6606.058
Tree 1094 / LogL: -6605.717
Tree 1095 / LogL: -6603.970
Tree 1096 / LogL: -6604.471
Tree 1097 / LogL: -6606.316
Tree 1098 / LogL: -6606.441
Tree 1099 / LogL: -6605.823
Tree 1100 / LogL: -6606.215
Tree 1101 / LogL: -6604.125
Tree 1102 / LogL: -6608.430
Tree 1103 / LogL: -6605.795
Tree 1104 / LogL: -6605.967
Tree 1105 / LogL: -6605.903
Tree 1106 / LogL: -6605.675
Tree 1107 / LogL: -6603.914
Tree 1108 / LogL: -6604.636
Tree 1109 / LogL: -6602.708
Tree 1110 / LogL: -6606.633
Tree 1111 / LogL: -6604.841
Tree 1112 / LogL: -6608.109
Tree 1113 / LogL: -6604.575
Tree 1114 / LogL: -6604.666
Tree 1115 / LogL: -6607.046
Tree 1116 / LogL: -6604.687
Tree 1117 / LogL: -6603.217
Tree 1118 / LogL: -6602.798
Tree 1119 / LogL: -6605.204
Tree 1120 / LogL: -6604.703
Tree 1121 / LogL: -6603.391
Tree 1122 / LogL: -6602.316
Tree 1123 / LogL: -6603.213
Tree 1124 / LogL: -6604.428
Tree 1125 / LogL: -6602.888
Tree 1126 / LogL: -6604.635
Tree 1127 / LogL: -6606.652
Tree 1128 / LogL: -6604.796
Tree 1129 / LogL: -6603.971
Tree 1130 / LogL: -6603.276
Tree 1131 / LogL: -6605.011
Tree 1132 / LogL: -6604.388
Tree 1133 / LogL: -6604.303
Tree 1134 / LogL: -6604.935
Tree 1135 / LogL: -6604.167
Tree 1136 / LogL: -6604.716
Tree 1137 / LogL: -6604.390
Tree 1138 / LogL: -6603.574
Tree 1139 / LogL: -6605.089
Tree 1140 / LogL: -6603.905
Tree 1141 / LogL: -6605.197
Tree 1142 / LogL: -6603.071
Tree 1143 / LogL: -6603.291
Tree 1144 / LogL: -6606.121
Tree 1145 / LogL: -6605.188
Tree 1146 / LogL: -6604.217
Tree 1147 / LogL: -6605.521
Tree 1148 / LogL: -6605.367
Tree 1149 / LogL: -6604.814
Tree 1150 / LogL: -6603.574
Tree 1151 / LogL: -6604.577
Tree 1152 / LogL: -6607.906
Tree 1153 / LogL: -6603.220
Tree 1154 / LogL: -6607.026
Tree 1155 / LogL: -6606.558
Tree 1156 / LogL: -6602.988
Tree 1157 / LogL: -6605.286
Tree 1158 / LogL: -6605.387
Tree 1159 / LogL: -6603.741
Tree 1160 / LogL: -6603.670
Tree 1161 / LogL: -6605.790
Tree 1162 / LogL: -6604.354
Tree 1163 / LogL: -6602.257
Tree 1164 / LogL: -6604.765
Tree 1165 / LogL: -6603.099
Tree 1166 / LogL: -6601.399
Tree 1167 / LogL: -6603.344
Tree 1168 / LogL: -6604.503
Tree 1169 / LogL: -6604.435
Tree 1170 / LogL: -6605.111
Tree 1171 / LogL: -6605.515
Tree 1172 / LogL: -6605.734
Tree 1173 / LogL: -6604.093
Tree 1174 / LogL: -6603.259
Tree 1175 / LogL: -6605.039
Tree 1176 / LogL: -6604.554
Tree 1177 / LogL: -6607.618
Tree 1178 / LogL: -6608.118
Tree 1179 / LogL: -6605.518
Tree 1180 / LogL: -6605.732
Tree 1181 / LogL: -6602.995
Tree 1182 / LogL: -6604.323
Tree 1183 / LogL: -6605.250
Tree 1184 / LogL: -6604.537
Tree 1185 / LogL: -6604.714
Tree 1186 / LogL: -6605.224
Tree 1187 / LogL: -6606.781
Tree 1188 / LogL: -6602.405
Tree 1189 / LogL: -6606.503
Tree 1190 / LogL: -6603.910
Tree 1191 / LogL: -6605.638
Tree 1192 / LogL: -6604.783
Tree 1193 / LogL: -6605.413
Tree 1194 / LogL: -6605.786
Tree 1195 / LogL: -6603.442
Tree 1196 / LogL: -6604.378
Tree 1197 / LogL: -6610.663
Tree 1198 / LogL: -6605.321
Tree 1199 / LogL: -6602.649
Tree 1200 / LogL: -6605.515
Tree 1201 / LogL: -6602.441
Tree 1202 / LogL: -6604.476
Tree 1203 / LogL: -6606.660
Tree 1204 / LogL: -6606.239
Tree 1205 / LogL: -6606.290
Tree 1206 / LogL: -6604.655
Tree 1207 / LogL: -6602.387
Tree 1208 / LogL: -6604.273
Tree 1209 / LogL: -6607.680
Tree 1210 / LogL: -6604.241
Tree 1211 / LogL: -6604.599
Tree 1212 / LogL: -6606.335
Tree 1213 / LogL: -6603.441
Tree 1214 / LogL: -6607.354
Tree 1215 / LogL: -6607.434
Tree 1216 / LogL: -6605.967
Tree 1217 / LogL: -6607.821
Tree 1218 / LogL: -6605.796
Tree 1219 / LogL: -6606.027
Tree 1220 / LogL: -6607.836
Tree 1221 / LogL: -6606.095
Tree 1222 / LogL: -6601.567
Tree 1223 / LogL: -6606.208
Tree 1224 / LogL: -6603.877
Tree 1225 / LogL: -6600.543
Tree 1226 / LogL: -6606.984
Tree 1227 / LogL: -6605.439
Tree 1228 / LogL: -6604.709
Tree 1229 / LogL: -6600.657
Tree 1230 / LogL: -6604.216
Tree 1231 / LogL: -6605.387
Tree 1232 / LogL: -6603.225
Tree 1233 / LogL: -6604.462
Tree 1234 / LogL: -6603.849
Tree 1235 / LogL: -6603.878
Tree 1236 / LogL: -6605.485
Tree 1237 / LogL: -6605.776
Tree 1238 / LogL: -6606.606
Tree 1239 / LogL: -6606.681
Tree 1240 / LogL: -6606.358
Tree 1241 / LogL: -6603.106
Tree 1242 / LogL: -6605.808
Tree 1243 / LogL: -6603.854
Tree 1244 / LogL: -6604.278
Tree 1245 / LogL: -6606.281
Tree 1246 / LogL: -6607.509
Tree 1247 / LogL: -6605.483
Tree 1248 / LogL: -6603.812
Tree 1249 / LogL: -6603.555
Tree 1250 / LogL: -6606.799
Tree 1251 / LogL: -6603.170
Tree 1252 / LogL: -6602.636
Tree 1253 / LogL: -6602.073
Tree 1254 / LogL: -6604.934
Tree 1255 / LogL: -6607.854
Tree 1256 / LogL: -6604.008
Tree 1257 / LogL: -6602.230
Tree 1258 / LogL: -6604.706
Tree 1259 / LogL: -6600.627
Tree 1260 / LogL: -6605.703
Tree 1261 / LogL: -6607.120
Tree 1262 / LogL: -6601.128
Tree 1263 / LogL: -6602.112
Tree 1264 / LogL: -6606.021
Tree 1265 / LogL: -6602.392
Tree 1266 / LogL: -6604.013
Tree 1267 / LogL: -6602.102
Tree 1268 / LogL: -6601.243
Tree 1269 / LogL: -6606.183
Tree 1270 / LogL: -6601.383
Tree 1271 / LogL: -6602.145
Tree 1272 / LogL: -6605.064
Tree 1273 / LogL: -6602.564
Tree 1274 / LogL: -6605.504
Tree 1275 / LogL: -6607.703
Tree 1276 / LogL: -6606.286
Tree 1277 / LogL: -6605.228
Tree 1278 / LogL: -6606.832
Tree 1279 / LogL: -6604.897
Tree 1280 / LogL: -6604.398
Tree 1281 / LogL: -6606.486
Tree 1282 / LogL: -6606.119
Tree 1283 / LogL: -6610.462
Tree 1284 / LogL: -6606.911
Tree 1285 / LogL: -6603.183
Tree 1286 / LogL: -6606.146
Tree 1287 / LogL: -6607.988
Tree 1288 / LogL: -6606.376
Tree 1289 / LogL: -6604.104
Tree 1290 / LogL: -6604.193
Tree 1291 / LogL: -6600.814
Tree 1292 / LogL: -6603.094
Tree 1293 / LogL: -6607.160
Tree 1294 / LogL: -6607.249
Tree 1295 / LogL: -6602.962
Tree 1296 / LogL: -6606.916
Tree 1297 / LogL: -6605.873
Tree 1298 / LogL: -6602.706
Tree 1299 / LogL: -6605.027
Tree 1300 / LogL: -6606.632
Tree 1301 / LogL: -6601.774
Tree 1302 / LogL: -6607.581
Tree 1303 / LogL: -6602.705
Tree 1304 / LogL: -6602.068
Tree 1305 / LogL: -6604.361
Tree 1306 / LogL: -6603.906
Tree 1307 / LogL: -6606.306
Tree 1308 / LogL: -6602.117
Tree 1309 / LogL: -6603.482
Tree 1310 / LogL: -6607.102
Tree 1311 / LogL: -6602.712
Tree 1312 / LogL: -6604.721
Tree 1313 / LogL: -6608.062
Tree 1314 / LogL: -6605.122
Tree 1315 / LogL: -6606.998
Tree 1316 / LogL: -6604.742
Tree 1317 / LogL: -6604.883
Tree 1318 / LogL: -6603.822
Tree 1319 / LogL: -6606.732
Tree 1320 / LogL: -6603.731
Tree 1321 / LogL: -6605.120
Tree 1322 / LogL: -6602.800
Tree 1323 / LogL: -6604.575
Tree 1324 / LogL: -6603.523
Tree 1325 / LogL: -6604.112
Tree 1326 / LogL: -6599.715
Tree 1327 / LogL: -6603.255
Tree 1328 / LogL: -6603.751
Tree 1329 / LogL: -6602.411
Tree 1330 / LogL: -6607.556
Tree 1331 / LogL: -6604.580
Tree 1332 / LogL: -6604.189
Tree 1333 / LogL: -6604.771
Tree 1334 / LogL: -6601.898
Tree 1335 / LogL: -6603.585
Tree 1336 / LogL: -6604.427
Tree 1337 / LogL: -6602.283
Tree 1338 / LogL: -6602.960
Tree 1339 / LogL: -6603.470
Tree 1340 / LogL: -6602.828
Tree 1341 / LogL: -6604.897
Tree 1342 / LogL: -6604.195
Tree 1343 / LogL: -6604.433
Tree 1344 / LogL: -6604.068
Tree 1345 / LogL: -6604.850
Tree 1346 / LogL: -6604.320
Tree 1347 / LogL: -6602.107
Tree 1348 / LogL: -6605.492
Tree 1349 / LogL: -6604.910
Tree 1350 / LogL: -6603.770
Tree 1351 / LogL: -6604.595
Tree 1352 / LogL: -6605.580
Tree 1353 / LogL: -6602.967
Tree 1354 / LogL: -6604.732
Tree 1355 / LogL: -6607.814
Tree 1356 / LogL: -6603.395
Tree 1357 / LogL: -6606.135
Tree 1358 / LogL: -6603.334
Tree 1359 / LogL: -6606.099
Tree 1360 / LogL: -6605.225
Tree 1361 / LogL: -6604.615
Tree 1362 / LogL: -6602.754
Tree 1363 / LogL: -6601.231
Tree 1364 / LogL: -6605.495
Tree 1365 / LogL: -6603.084
Tree 1366 / LogL: -6605.487
Tree 1367 / LogL: -6604.119
Tree 1368 / LogL: -6603.462
Tree 1369 / LogL: -6604.775
Tree 1370 / LogL: -6604.858
Tree 1371 / LogL: -6604.513
Tree 1372 / LogL: -6603.760
Tree 1373 / LogL: -6602.794
Tree 1374 / LogL: -6602.615
Tree 1375 / LogL: -6604.530
Tree 1376 / LogL: -6604.414
Tree 1377 / LogL: -6603.764
Tree 1378 / LogL: -6604.959
Tree 1379 / LogL: -6604.424
Tree 1380 / LogL: -6604.323
Tree 1381 / LogL: -6602.645
Tree 1382 / LogL: -6605.054
Tree 1383 / LogL: -6604.950
Tree 1384 / LogL: -6604.129
Tree 1385 / LogL: -6605.125
Tree 1386 / LogL: -6606.112
Tree 1387 / LogL: -6604.396
Tree 1388 / LogL: -6604.460
Tree 1389 / LogL: -6605.777
Tree 1390 / LogL: -6606.702
Tree 1391 / LogL: -6602.952
Tree 1392 / LogL: -6604.594
Tree 1393 / LogL: -6604.267
Tree 1394 / LogL: -6603.594
Tree 1395 / LogL: -6602.932
Tree 1396 / LogL: -6606.639
Tree 1397 / LogL: -6603.854
Tree 1398 / LogL: -6604.308
Tree 1399 / LogL: -6602.184
Tree 1400 / LogL: -6604.695
Tree 1401 / LogL: -6604.642
Tree 1402 / LogL: -6602.766
Tree 1403 / LogL: -6602.492
Tree 1404 / LogL: -6605.644
Tree 1405 / LogL: -6604.905
Tree 1406 / LogL: -6603.684
Tree 1407 / LogL: -6604.933
Tree 1408 / LogL: -6607.355
Tree 1409 / LogL: -6604.243
Tree 1410 / LogL: -6602.270
Tree 1411 / LogL: -6607.867
Tree 1412 / LogL: -6608.489
Tree 1413 / LogL: -6603.801
Tree 1414 / LogL: -6604.356
Tree 1415 / LogL: -6603.752
Tree 1416 / LogL: -6602.991
Tree 1417 / LogL: -6603.315
Tree 1418 / LogL: -6603.922
Tree 1419 / LogL: -6603.715
Tree 1420 / LogL: -6603.693
Tree 1421 / LogL: -6602.796
Tree 1422 / LogL: -6603.626
Tree 1423 / LogL: -6601.973
Tree 1424 / LogL: -6601.782
Tree 1425 / LogL: -6603.894
Tree 1426 / LogL: -6601.736
Tree 1427 / LogL: -6604.752
Tree 1428 / LogL: -6604.476
Tree 1429 / LogL: -6605.967
Tree 1430 / LogL: -6602.278
Tree 1431 / LogL: -6604.609
Tree 1432 / LogL: -6606.322
Tree 1433 / LogL: -6605.810
Tree 1434 / LogL: -6604.769
Tree 1435 / LogL: -6608.210
Tree 1436 / LogL: -6606.495
Tree 1437 / LogL: -6605.245
Tree 1438 / LogL: -6602.418
Tree 1439 / LogL: -6602.645
Tree 1440 / LogL: -6604.893
Tree 1441 / LogL: -6606.899
Tree 1442 / LogL: -6605.396
Tree 1443 / LogL: -6603.206
Tree 1444 / LogL: -6604.174
Tree 1445 / LogL: -6601.060
Tree 1446 / LogL: -6603.777
Tree 1447 / LogL: -6601.347
Tree 1448 / LogL: -6601.514
Tree 1449 / LogL: -6601.918
Tree 1450 / LogL: -6601.652
Tree 1451 / LogL: -6602.758
Tree 1452 / LogL: -6606.106
Tree 1453 / LogL: -6605.105
Tree 1454 / LogL: -6606.111
Tree 1455 / LogL: -6605.903
Tree 1456 / LogL: -6605.351
Tree 1457 / LogL: -6608.142
Tree 1458 / LogL: -6602.888
Tree 1459 / LogL: -6605.980
Tree 1460 / LogL: -6604.038
Tree 1461 / LogL: -6602.950
Tree 1462 / LogL: -6605.679
Tree 1463 / LogL: -6608.710
Tree 1464 / LogL: -6605.465
Tree 1465 / LogL: -6605.006
Tree 1466 / LogL: -6605.392
Tree 1467 / LogL: -6605.168
Tree 1468 / LogL: -6605.120
Tree 1469 / LogL: -6604.890
Tree 1470 / LogL: -6607.537
Tree 1471 / LogL: -6602.930
Tree 1472 / LogL: -6606.240
Tree 1473 / LogL: -6600.441
Tree 1474 / LogL: -6606.870
Tree 1475 / LogL: -6608.100
Tree 1476 / LogL: -6606.974
Tree 1477 / LogL: -6604.675
Tree 1478 / LogL: -6603.199
Tree 1479 / LogL: -6605.769
Tree 1480 / LogL: -6606.385
Tree 1481 / LogL: -6604.871
Tree 1482 / LogL: -6602.634
Tree 1483 / LogL: -6604.508
Tree 1484 / LogL: -6603.932
Tree 1485 / LogL: -6607.495
Tree 1486 / LogL: -6607.750
Tree 1487 / LogL: -6605.367
Tree 1488 / LogL: -6604.873
Tree 1489 / LogL: -6604.489
Tree 1490 / LogL: -6604.687
Tree 1491 / LogL: -6605.841
Tree 1492 / LogL: -6605.210
Tree 1493 / LogL: -6605.098
Tree 1494 / LogL: -6605.496
Tree 1495 / LogL: -6606.749
Tree 1496 / LogL: -6605.232
Tree 1497 / LogL: -6604.844
Tree 1498 / LogL: -6604.927
Tree 1499 / LogL: -6603.916
Tree 1500 / LogL: -6606.950
Tree 1501 / LogL: -6604.631
Tree 1502 / LogL: -6604.942
Tree 1503 / LogL: -6605.736
Tree 1504 / LogL: -6606.440
Tree 1505 / LogL: -6606.739
Tree 1506 / LogL: -6605.205
Tree 1507 / LogL: -6606.390
Tree 1508 / LogL: -6604.196
Tree 1509 / LogL: -6607.326
Tree 1510 / LogL: -6604.728
Tree 1511 / LogL: -6604.305
Tree 1512 / LogL: -6604.553
Tree 1513 / LogL: -6603.920
Tree 1514 / LogL: -6604.477
Tree 1515 / LogL: -6605.299
Tree 1516 / LogL: -6604.588
Tree 1517 / LogL: -6606.967
Tree 1518 / LogL: -6605.196
Tree 1519 / LogL: -6605.602
Tree 1520 / LogL: -6603.825
Tree 1521 / LogL: -6602.243
Tree 1522 / LogL: -6603.444
Tree 1523 / LogL: -6604.019
Tree 1524 / LogL: -6605.881
Tree 1525 / LogL: -6605.853
Tree 1526 / LogL: -6604.809
Tree 1527 / LogL: -6605.234
Tree 1528 / LogL: -6607.592
Tree 1529 / LogL: -6606.872
Tree 1530 / LogL: -6608.101
Tree 1531 / LogL: -6602.927
Tree 1532 / LogL: -6606.223
Tree 1533 / LogL: -6603.076
Tree 1534 / LogL: -6608.327
Tree 1535 / LogL: -6605.687
Tree 1536 / LogL: -6605.473
Tree 1537 / LogL: -6604.550
Tree 1538 / LogL: -6603.254
Tree 1539 / LogL: -6604.166
Tree 1540 / LogL: -6605.860
Tree 1541 / LogL: -6604.079
Tree 1542 / LogL: -6603.580
Tree 1543 / LogL: -6604.494
Tree 1544 / LogL: -6605.688
Tree 1545 / LogL: -6606.686
Tree 1546 / LogL: -6607.267
Tree 1547 / LogL: -6606.011
Tree 1548 / LogL: -6603.055
Tree 1549 / LogL: -6604.525
Tree 1550 / LogL: -6604.751
Tree 1551 / LogL: -6604.438
Tree 1552 / LogL: -6603.477
Tree 1553 / LogL: -6605.562
Tree 1554 / LogL: -6603.013
Tree 1555 / LogL: -6609.009
Tree 1556 / LogL: -6607.463
Tree 1557 / LogL: -6605.516
Tree 1558 / LogL: -6603.090
Tree 1559 / LogL: -6606.574
Tree 1560 / LogL: -6603.938
Tree 1561 / LogL: -6604.964
Tree 1562 / LogL: -6606.153
Tree 1563 / LogL: -6606.391
Tree 1564 / LogL: -6607.467
Tree 1565 / LogL: -6605.144
Tree 1566 / LogL: -6605.743
Tree 1567 / LogL: -6607.040
Tree 1568 / LogL: -6604.889
Tree 1569 / LogL: -6605.060
Tree 1570 / LogL: -6605.539
Tree 1571 / LogL: -6606.640
Tree 1572 / LogL: -6601.183
Tree 1573 / LogL: -6604.667
Tree 1574 / LogL: -6605.386
Tree 1575 / LogL: -6604.029
Tree 1576 / LogL: -6608.881
Tree 1577 / LogL: -6607.590
Tree 1578 / LogL: -6604.034
Tree 1579 / LogL: -6607.780
Tree 1580 / LogL: -6606.796
Tree 1581 / LogL: -6607.374
Tree 1582 / LogL: -6604.728
Tree 1583 / LogL: -6607.904
Tree 1584 / LogL: -6608.068
Tree 1585 / LogL: -6609.011
Tree 1586 / LogL: -6604.576
Tree 1587 / LogL: -6607.853
Tree 1588 / LogL: -6605.338
Tree 1589 / LogL: -6604.920
Tree 1590 / LogL: -6607.992
Tree 1591 / LogL: -6604.061
Tree 1592 / LogL: -6603.812
Tree 1593 / LogL: -6604.635
Tree 1594 / LogL: -6602.707
Tree 1595 / LogL: -6605.288
Tree 1596 / LogL: -6604.952
Tree 1597 / LogL: -6606.766
Tree 1598 / LogL: -6608.389
Tree 1599 / LogL: -6604.056
Tree 1600 / LogL: -6607.039
Tree 1601 / LogL: -6605.515
Tree 1602 / LogL: -6603.051
Tree 1603 / LogL: -6603.962
Tree 1604 / LogL: -6604.722
Tree 1605 / LogL: -6605.497
Tree 1606 / LogL: -6603.413
Tree 1607 / LogL: -6605.374
Tree 1608 / LogL: -6605.923
Tree 1609 / LogL: -6603.768
Tree 1610 / LogL: -6602.996
Tree 1611 / LogL: -6602.042
Tree 1612 / LogL: -6604.573
Tree 1613 / LogL: -6606.039
Tree 1614 / LogL: -6602.643
Tree 1615 / LogL: -6605.808
Tree 1616 / LogL: -6603.239
Tree 1617 / LogL: -6604.234
Tree 1618 / LogL: -6604.937
Tree 1619 / LogL: -6602.734
Tree 1620 / LogL: -6603.606
Tree 1621 / LogL: -6606.286
Tree 1622 / LogL: -6605.011
Tree 1623 / LogL: -6602.987
Tree 1624 / LogL: -6607.528
Tree 1625 / LogL: -6603.879
Tree 1626 / LogL: -6606.350
Tree 1627 / LogL: -6604.254
Tree 1628 / LogL: -6605.763
Tree 1629 / LogL: -6607.107
Tree 1630 / LogL: -6604.994
Tree 1631 / LogL: -6604.935
Tree 1632 / LogL: -6603.367
Tree 1633 / LogL: -6603.612
Tree 1634 / LogL: -6604.399
Tree 1635 / LogL: -6606.982
Tree 1636 / LogL: -6604.485
Tree 1637 / LogL: -6602.475
Tree 1638 / LogL: -6608.641
Tree 1639 / LogL: -6604.272
Tree 1640 / LogL: -6604.490
Tree 1641 / LogL: -6602.624
Tree 1642 / LogL: -6605.575
Tree 1643 / LogL: -6605.783
Tree 1644 / LogL: -6605.806
Tree 1645 / LogL: -6604.095
Tree 1646 / LogL: -6605.580
Tree 1647 / LogL: -6607.496
Tree 1648 / LogL: -6600.279
Tree 1649 / LogL: -6603.940
Tree 1650 / LogL: -6600.160
Tree 1651 / LogL: -6605.915
Tree 1652 / LogL: -6607.553
Tree 1653 / LogL: -6603.700
Tree 1654 / LogL: -6604.935
Tree 1655 / LogL: -6601.850
Tree 1656 / LogL: -6605.164
Tree 1657 / LogL: -6608.064
Tree 1658 / LogL: -6603.055
Tree 1659 / LogL: -6606.929
Tree 1660 / LogL: -6603.768
Tree 1661 / LogL: -6612.144
Tree 1662 / LogL: -6606.675
Tree 1663 / LogL: -6603.740
Tree 1664 / LogL: -6606.361
Tree 1665 / LogL: -6606.301
Tree 1666 / LogL: -6605.862
Tree 1667 / LogL: -6604.578
Tree 1668 / LogL: -6605.980
Tree 1669 / LogL: -6606.902
Tree 1670 / LogL: -6603.727
Tree 1671 / LogL: -6606.663
Tree 1672 / LogL: -6605.813
Tree 1673 / LogL: -6603.139
Tree 1674 / LogL: -6604.858
Tree 1675 / LogL: -6605.563
Tree 1676 / LogL: -6605.266
Tree 1677 / LogL: -6605.479
Tree 1678 / LogL: -6607.948
Tree 1679 / LogL: -6602.724
Tree 1680 / LogL: -6607.012
Tree 1681 / LogL: -6603.872
Tree 1682 / LogL: -6605.832
Tree 1683 / LogL: -6605.342
Tree 1684 / LogL: -6605.750
Tree 1685 / LogL: -6606.850
Tree 1686 / LogL: -6606.834
Tree 1687 / LogL: -6606.729
Tree 1688 / LogL: -6605.347
Tree 1689 / LogL: -6605.943
Tree 1690 / LogL: -6606.389
Tree 1691 / LogL: -6607.015
Tree 1692 / LogL: -6606.602
Tree 1693 / LogL: -6606.426
Tree 1694 / LogL: -6605.546
Tree 1695 / LogL: -6606.908
Tree 1696 / LogL: -6605.259
Tree 1697 / LogL: -6606.403
Tree 1698 / LogL: -6605.451
Tree 1699 / LogL: -6602.705
Tree 1700 / LogL: -6606.867
Tree 1701 / LogL: -6605.471
Tree 1702 / LogL: -6603.521
Tree 1703 / LogL: -6606.856
Tree 1704 / LogL: -6604.798
Tree 1705 / LogL: -6605.554
Tree 1706 / LogL: -6601.948
Tree 1707 / LogL: -6602.951
Tree 1708 / LogL: -6603.329
Tree 1709 / LogL: -6603.034
Tree 1710 / LogL: -6605.450
Tree 1711 / LogL: -6606.159
Tree 1712 / LogL: -6605.343
Tree 1713 / LogL: -6605.252
Tree 1714 / LogL: -6604.089
Tree 1715 / LogL: -6602.750
Tree 1716 / LogL: -6605.555
Tree 1717 / LogL: -6603.822
Tree 1718 / LogL: -6603.078
Tree 1719 / LogL: -6603.437
Tree 1720 / LogL: -6602.170
Tree 1721 / LogL: -6605.509
Tree 1722 / LogL: -6605.107
Tree 1723 / LogL: -6605.894
Tree 1724 / LogL: -6602.526
Tree 1725 / LogL: -6604.705
Tree 1726 / LogL: -6605.280
Tree 1727 / LogL: -6604.447
Tree 1728 / LogL: -6604.427
Tree 1729 / LogL: -6604.155
Tree 1730 / LogL: -6600.577
Tree 1731 / LogL: -6606.356
Tree 1732 / LogL: -6604.033
Tree 1733 / LogL: -6602.448
Tree 1734 / LogL: -6604.693
Tree 1735 / LogL: -6603.271
Tree 1736 / LogL: -6602.270
Tree 1737 / LogL: -6604.265
Tree 1738 / LogL: -6605.275
Tree 1739 / LogL: -6602.678
Tree 1740 / LogL: -6605.436
Tree 1741 / LogL: -6606.364
Tree 1742 / LogL: -6604.844
Tree 1743 / LogL: -6604.853
Tree 1744 / LogL: -6605.506
Tree 1745 / LogL: -6603.951
Tree 1746 / LogL: -6605.631
Tree 1747 / LogL: -6602.321
Tree 1748 / LogL: -6603.132
Tree 1749 / LogL: -6605.480
Tree 1750 / LogL: -6602.930
Tree 1751 / LogL: -6602.640
Tree 1752 / LogL: -6605.681
Tree 1753 / LogL: -6604.728
Tree 1754 / LogL: -6607.493
Tree 1755 / LogL: -6605.294
Tree 1756 / LogL: -6604.217
Tree 1757 / LogL: -6605.442
Tree 1758 / LogL: -6605.741
Tree 1759 / LogL: -6604.679
Tree 1760 / LogL: -6604.397
Tree 1761 / LogL: -6605.530
Tree 1762 / LogL: -6606.224
Tree 1763 / LogL: -6606.194
Tree 1764 / LogL: -6603.015
Tree 1765 / LogL: -6603.763
Tree 1766 / LogL: -6604.111
Tree 1767 / LogL: -6603.211
Tree 1768 / LogL: -6604.863
Tree 1769 / LogL: -6603.824
Tree 1770 / LogL: -6605.309
Tree 1771 / LogL: -6605.244
Tree 1772 / LogL: -6600.495
Tree 1773 / LogL: -6607.594
Tree 1774 / LogL: -6603.667
Tree 1775 / LogL: -6609.054
Tree 1776 / LogL: -6603.861
Tree 1777 / LogL: -6607.081
Tree 1778 / LogL: -6604.975
Tree 1779 / LogL: -6606.160
Tree 1780 / LogL: -6603.063
Tree 1781 / LogL: -6604.532
Tree 1782 / LogL: -6603.517
Tree 1783 / LogL: -6607.593
Tree 1784 / LogL: -6605.001
Tree 1785 / LogL: -6606.097
Tree 1786 / LogL: -6607.351
Tree 1787 / LogL: -6605.809
Tree 1788 / LogL: -6607.042
Tree 1789 / LogL: -6604.288
Tree 1790 / LogL: -6606.307
Tree 1791 / LogL: -6605.632
Tree 1792 / LogL: -6606.975
Tree 1793 / LogL: -6606.215
Tree 1794 / LogL: -6606.444
Tree 1795 / LogL: -6605.814
Tree 1796 / LogL: -6605.529
Tree 1797 / LogL: -6607.348
Tree 1798 / LogL: -6608.590
Tree 1799 / LogL: -6607.054
Tree 1800 / LogL: -6606.129
Tree 1801 / LogL: -6602.641
Tree 1802 / LogL: -6606.668
Tree 1803 / LogL: -6606.463
Tree 1804 / LogL: -6604.720
Tree 1805 / LogL: -6604.202
Tree 1806 / LogL: -6604.156
Tree 1807 / LogL: -6604.581
Tree 1808 / LogL: -6606.293
Tree 1809 / LogL: -6610.294
Tree 1810 / LogL: -6606.821
Tree 1811 / LogL: -6603.118
Tree 1812 / LogL: -6606.753
Tree 1813 / LogL: -6604.942
Tree 1814 / LogL: -6606.775
Tree 1815 / LogL: -6606.517
Tree 1816 / LogL: -6606.317
Tree 1817 / LogL: -6603.586
Tree 1818 / LogL: -6605.705
Tree 1819 / LogL: -6604.353
Tree 1820 / LogL: -6605.734
Tree 1821 / LogL: -6605.050
Tree 1822 / LogL: -6605.228
Tree 1823 / LogL: -6605.913
Tree 1824 / LogL: -6605.402
Tree 1825 / LogL: -6605.588
Tree 1826 / LogL: -6607.432
Tree 1827 / LogL: -6607.757
Tree 1828 / LogL: -6607.317
Tree 1829 / LogL: -6606.053
Tree 1830 / LogL: -6603.586
Tree 1831 / LogL: -6607.158
Tree 1832 / LogL: -6608.323
Tree 1833 / LogL: -6603.584
Tree 1834 / LogL: -6604.438
Tree 1835 / LogL: -6604.167
Tree 1836 / LogL: -6607.547
Tree 1837 / LogL: -6609.638
Tree 1838 / LogL: -6608.853
Tree 1839 / LogL: -6606.076
Tree 1840 / LogL: -6605.397
Tree 1841 / LogL: -6607.871
Tree 1842 / LogL: -6605.992
Tree 1843 / LogL: -6603.606
Tree 1844 / LogL: -6606.771
Tree 1845 / LogL: -6601.801
Tree 1846 / LogL: -6607.372
Tree 1847 / LogL: -6608.801
Tree 1848 / LogL: -6603.570
Tree 1849 / LogL: -6605.563
Tree 1850 / LogL: -6604.024
Tree 1851 / LogL: -6607.148
Tree 1852 / LogL: -6607.445
Tree 1853 / LogL: -6605.396
Tree 1854 / LogL: -6605.348
Tree 1855 / LogL: -6606.016
Tree 1856 / LogL: -6604.695
Tree 1857 / LogL: -6603.836
Tree 1858 / LogL: -6603.599
Tree 1859 / LogL: -6602.674
Tree 1860 / LogL: -6604.087
Tree 1861 / LogL: -6608.522
Tree 1862 / LogL: -6608.355
Tree 1863 / LogL: -6604.804
Tree 1864 / LogL: -6607.641
Tree 1865 / LogL: -6604.672
Tree 1866 / LogL: -6604.089
Tree 1867 / LogL: -6605.051
Tree 1868 / LogL: -6607.052
Tree 1869 / LogL: -6607.385
Tree 1870 / LogL: -6606.461
Tree 1871 / LogL: -6604.849
Tree 1872 / LogL: -6605.132
Tree 1873 / LogL: -6604.850
Tree 1874 / LogL: -6606.877
Tree 1875 / LogL: -6607.636
Tree 1876 / LogL: -6603.655
Tree 1877 / LogL: -6605.400
Tree 1878 / LogL: -6604.681
Tree 1879 / LogL: -6604.959
Tree 1880 / LogL: -6604.045
Tree 1881 / LogL: -6604.216
Tree 1882 / LogL: -6604.130
Tree 1883 / LogL: -6607.025
Tree 1884 / LogL: -6605.282
Tree 1885 / LogL: -6606.465
Tree 1886 / LogL: -6609.343
Tree 1887 / LogL: -6605.410
Tree 1888 / LogL: -6606.612
Tree 1889 / LogL: -6605.977
Tree 1890 / LogL: -6605.056
Tree 1891 / LogL: -6605.433
Tree 1892 / LogL: -6605.010
Tree 1893 / LogL: -6605.282
Tree 1894 / LogL: -6607.769
Tree 1895 / LogL: -6603.673
Tree 1896 / LogL: -6608.915
Tree 1897 / LogL: -6604.704
Tree 1898 / LogL: -6606.054
Tree 1899 / LogL: -6604.402
Tree 1900 / LogL: -6601.776
Tree 1901 / LogL: -6604.900
Tree 1902 / LogL: -6605.233
Tree 1903 / LogL: -6606.073
Tree 1904 / LogL: -6607.015
Tree 1905 / LogL: -6605.066
Tree 1906 / LogL: -6605.575
Tree 1907 / LogL: -6603.203
Tree 1908 / LogL: -6605.324
Tree 1909 / LogL: -6601.839
Tree 1910 / LogL: -6605.510
Tree 1911 / LogL: -6606.035
Tree 1912 / LogL: -6607.505
Tree 1913 / LogL: -6607.664
Tree 1914 / LogL: -6605.554
Tree 1915 / LogL: -6606.522
Tree 1916 / LogL: -6605.748
Tree 1917 / LogL: -6600.248
Tree 1918 / LogL: -6602.373
Tree 1919 / LogL: -6607.158
Tree 1920 / LogL: -6607.429
Tree 1921 / LogL: -6609.498
Tree 1922 / LogL: -6608.124
Tree 1923 / LogL: -6604.738
Tree 1924 / LogL: -6605.384
Tree 1925 / LogL: -6606.310
Tree 1926 / LogL: -6604.704
Tree 1927 / LogL: -6605.192
Tree 1928 / LogL: -6604.895
Tree 1929 / LogL: -6605.736
Tree 1930 / LogL: -6603.031
Tree 1931 / LogL: -6604.133
Tree 1932 / LogL: -6602.745
Tree 1933 / LogL: -6604.078
Tree 1934 / LogL: -6605.646
Tree 1935 / LogL: -6608.041
Tree 1936 / LogL: -6606.724
Tree 1937 / LogL: -6607.289
Tree 1938 / LogL: -6608.474
Tree 1939 / LogL: -6605.507
Tree 1940 / LogL: -6606.495
Tree 1941 / LogL: -6606.620
Tree 1942 / LogL: -6606.205
Tree 1943 / LogL: -6606.968
Tree 1944 / LogL: -6604.177
Tree 1945 / LogL: -6606.208
Tree 1946 / LogL: -6604.648
Tree 1947 / LogL: -6606.180
Tree 1948 / LogL: -6605.452
Tree 1949 / LogL: -6605.601
Tree 1950 / LogL: -6605.491
Tree 1951 / LogL: -6601.685
Tree 1952 / LogL: -6605.148
Tree 1953 / LogL: -6604.033
Tree 1954 / LogL: -6604.210
Tree 1955 / LogL: -6605.858
Tree 1956 / LogL: -6603.616
Tree 1957 / LogL: -6605.265
Tree 1958 / LogL: -6604.706
Tree 1959 / LogL: -6603.643
Tree 1960 / LogL: -6605.327
Tree 1961 / LogL: -6608.068
Tree 1962 / LogL: -6604.137
Tree 1963 / LogL: -6604.650
Tree 1964 / LogL: -6607.784
Tree 1965 / LogL: -6606.430
Tree 1966 / LogL: -6605.200
Tree 1967 / LogL: -6604.586
Tree 1968 / LogL: -6605.474
Tree 1969 / LogL: -6605.205
Tree 1970 / LogL: -6603.446
Tree 1971 / LogL: -6603.714
Tree 1972 / LogL: -6604.918
Tree 1973 / LogL: -6603.694
Tree 1974 / LogL: -6606.279
Tree 1975 / LogL: -6604.678
Tree 1976 / LogL: -6605.184
Tree 1977 / LogL: -6606.008
Tree 1978 / LogL: -6604.635
Tree 1979 / LogL: -6606.144
Tree 1980 / LogL: -6604.946
Tree 1981 / LogL: -6606.509
Tree 1982 / LogL: -6605.392
Tree 1983 / LogL: -6602.957
Tree 1984 / LogL: -6605.174
Tree 1985 / LogL: -6606.321
Tree 1986 / LogL: -6603.350
Tree 1987 / LogL: -6602.813
Tree 1988 / LogL: -6604.994
Tree 1989 / LogL: -6607.963
Tree 1990 / LogL: -6606.002
Tree 1991 / LogL: -6606.775
Tree 1992 / LogL: -6604.821
Tree 1993 / LogL: -6605.950
Tree 1994 / LogL: -6603.404
Tree 1995 / LogL: -6606.317
Tree 1996 / LogL: -6604.772
Tree 1997 / LogL: -6605.210
Tree 1998 / LogL: -6600.983
Tree 1999 / LogL: -6604.408
Tree 2000 / LogL: -6603.769
Tree 2001 / LogL: -6607.493
Tree 2002 / LogL: -6603.805
Tree 2003 / LogL: -6604.589
Tree 2004 / LogL: -6605.620
Tree 2005 / LogL: -6601.231
Tree 2006 / LogL: -6603.884
Tree 2007 / LogL: -6605.266
Tree 2008 / LogL: -6605.535
Tree 2009 / LogL: -6603.695
Tree 2010 / LogL: -6603.400
Tree 2011 / LogL: -6603.792
Tree 2012 / LogL: -6606.631
Tree 2013 / LogL: -6605.973
Tree 2014 / LogL: -6602.753
Tree 2015 / LogL: -6604.172
Tree 2016 / LogL: -6600.656
Tree 2017 / LogL: -6605.563
Tree 2018 / LogL: -6605.287
Tree 2019 / LogL: -6604.901
Tree 2020 / LogL: -6602.583
Tree 2021 / LogL: -6607.608
Tree 2022 / LogL: -6605.073
Tree 2023 / LogL: -6605.245
Tree 2024 / LogL: -6606.292
Tree 2025 / LogL: -6606.766
Tree 2026 / LogL: -6605.606
Tree 2027 / LogL: -6604.388
Tree 2028 / LogL: -6602.679
Tree 2029 / LogL: -6603.786
Tree 2030 / LogL: -6601.973
Tree 2031 / LogL: -6603.158
Tree 2032 / LogL: -6604.325
Tree 2033 / LogL: -6604.082
Tree 2034 / LogL: -6604.407
Tree 2035 / LogL: -6605.082
Tree 2036 / LogL: -6604.493
Tree 2037 / LogL: -6606.890
Tree 2038 / LogL: -6605.276
Tree 2039 / LogL: -6607.588
Tree 2040 / LogL: -6603.423
Tree 2041 / LogL: -6603.943
Tree 2042 / LogL: -6606.660
Tree 2043 / LogL: -6603.723
Tree 2044 / LogL: -6606.121
Tree 2045 / LogL: -6607.919
Tree 2046 / LogL: -6605.650
Tree 2047 / LogL: -6605.949
Tree 2048 / LogL: -6608.358
Tree 2049 / LogL: -6604.615
Tree 2050 / LogL: -6604.137
Tree 2051 / LogL: -6608.731
Tree 2052 / LogL: -6605.489
Tree 2053 / LogL: -6604.142
Tree 2054 / LogL: -6606.529
Tree 2055 / LogL: -6604.725
Tree 2056 / LogL: -6605.686
Tree 2057 / LogL: -6604.963
Tree 2058 / LogL: -6605.841
Tree 2059 / LogL: -6606.494
Tree 2060 / LogL: -6603.750
Tree 2061 / LogL: -6607.067
Tree 2062 / LogL: -6607.221
Tree 2063 / LogL: -6607.134
Tree 2064 / LogL: -6605.017
Tree 2065 / LogL: -6604.845
Tree 2066 / LogL: -6605.780
Tree 2067 / LogL: -6606.321
Tree 2068 / LogL: -6604.408
Tree 2069 / LogL: -6606.576
Tree 2070 / LogL: -6606.602
Tree 2071 / LogL: -6604.667
Tree 2072 / LogL: -6605.229
Tree 2073 / LogL: -6605.448
Tree 2074 / LogL: -6604.867
Tree 2075 / LogL: -6604.223
Tree 2076 / LogL: -6603.861
Tree 2077 / LogL: -6606.382
Tree 2078 / LogL: -6605.493
Tree 2079 / LogL: -6603.745
Tree 2080 / LogL: -6607.728
Tree 2081 / LogL: -6606.107
Tree 2082 / LogL: -6604.549
Tree 2083 / LogL: -6608.229
Tree 2084 / LogL: -6605.751
Tree 2085 / LogL: -6604.753
Tree 2086 / LogL: -6606.304
Tree 2087 / LogL: -6605.230
Tree 2088 / LogL: -6606.895
Tree 2089 / LogL: -6603.393
Tree 2090 / LogL: -6601.375
Tree 2091 / LogL: -6604.904
Tree 2092 / LogL: -6608.403
Tree 2093 / LogL: -6604.966
Tree 2094 / LogL: -6602.071
Tree 2095 / LogL: -6603.407
Tree 2096 / LogL: -6608.466
Tree 2097 / LogL: -6607.785
Tree 2098 / LogL: -6603.808
Tree 2099 / LogL: -6609.862
Tree 2100 / LogL: -6605.273
Tree 2101 / LogL: -6603.727
Tree 2102 / LogL: -6604.631
Tree 2103 / LogL: -6604.115
Tree 2104 / LogL: -6604.325
Tree 2105 / LogL: -6605.720
Tree 2106 / LogL: -6603.411
Tree 2107 / LogL: -6604.910
Tree 2108 / LogL: -6603.538
Tree 2109 / LogL: -6605.606
Tree 2110 / LogL: -6605.512
Tree 2111 / LogL: -6603.743
Tree 2112 / LogL: -6605.116
Tree 2113 / LogL: -6601.738
Tree 2114 / LogL: -6603.896
Tree 2115 / LogL: -6605.581
Tree 2116 / LogL: -6605.283
Tree 2117 / LogL: -6605.613
Tree 2118 / LogL: -6605.708
Tree 2119 / LogL: -6604.451
Tree 2120 / LogL: -6606.242
Tree 2121 / LogL: -6603.773
Tree 2122 / LogL: -6604.840
Tree 2123 / LogL: -6605.135
Tree 2124 / LogL: -6608.736
Tree 2125 / LogL: -6604.969
Tree 2126 / LogL: -6603.334
Tree 2127 / LogL: -6608.434
Tree 2128 / LogL: -6604.438
Tree 2129 / LogL: -6604.774
Tree 2130 / LogL: -6608.222
Tree 2131 / LogL: -6604.143
Tree 2132 / LogL: -6606.112
Tree 2133 / LogL: -6609.890
Tree 2134 / LogL: -6609.953
Tree 2135 / LogL: -6603.793
Tree 2136 / LogL: -6604.098
Tree 2137 / LogL: -6607.004
Tree 2138 / LogL: -6601.341
Tree 2139 / LogL: -6603.015
Tree 2140 / LogL: -6605.901
Tree 2141 / LogL: -6605.747
Tree 2142 / LogL: -6605.543
Tree 2143 / LogL: -6603.183
Tree 2144 / LogL: -6607.046
Tree 2145 / LogL: -6607.961
Tree 2146 / LogL: -6605.343
Tree 2147 / LogL: -6604.962
Tree 2148 / LogL: -6607.849
Tree 2149 / LogL: -6603.406
Tree 2150 / LogL: -6611.208
Tree 2151 / LogL: -6604.655
Tree 2152 / LogL: -6606.405
Tree 2153 / LogL: -6606.240
Tree 2154 / LogL: -6605.858
Tree 2155 / LogL: -6608.548
Tree 2156 / LogL: -6604.859
Tree 2157 / LogL: -6607.459
Tree 2158 / LogL: -6606.937
Tree 2159 / LogL: -6602.543
Tree 2160 / LogL: -6605.228
Tree 2161 / LogL: -6603.922
Tree 2162 / LogL: -6605.369
Tree 2163 / LogL: -6604.789
Tree 2164 / LogL: -6604.312
Tree 2165 / LogL: -6601.980
Tree 2166 / LogL: -6605.046
Tree 2167 / LogL: -6603.760
Tree 2168 / LogL: -6602.429
Tree 2169 / LogL: -6604.217
Tree 2170 / LogL: -6606.058
Tree 2171 / LogL: -6606.396
Tree 2172 / LogL: -6609.938
Tree 2173 / LogL: -6605.860
Tree 2174 / LogL: -6603.444
Tree 2175 / LogL: -6603.266
Tree 2176 / LogL: -6604.073
Tree 2177 / LogL: -6605.698
Tree 2178 / LogL: -6604.755
Tree 2179 / LogL: -6606.031
Tree 2180 / LogL: -6603.905
Tree 2181 / LogL: -6607.039
Tree 2182 / LogL: -6608.021
Tree 2183 / LogL: -6604.350
Tree 2184 / LogL: -6605.124
Tree 2185 / LogL: -6607.933
Tree 2186 / LogL: -6606.726
Tree 2187 / LogL: -6604.831
Tree 2188 / LogL: -6605.406
Tree 2189 / LogL: -6604.018
Tree 2190 / LogL: -6608.153
Tree 2191 / LogL: -6606.231
Tree 2192 / LogL: -6608.455
Tree 2193 / LogL: -6605.990
Tree 2194 / LogL: -6606.231
Tree 2195 / LogL: -6605.050
Tree 2196 / LogL: -6604.699
Tree 2197 / LogL: -6604.121
Tree 2198 / LogL: -6602.951
Tree 2199 / LogL: -6603.761
Tree 2200 / LogL: -6605.519
Tree 2201 / LogL: -6604.566
Tree 2202 / LogL: -6603.644
Tree 2203 / LogL: -6605.293
Tree 2204 / LogL: -6603.921
Tree 2205 / LogL: -6606.008
Tree 2206 / LogL: -6607.456
Tree 2207 / LogL: -6607.154
Tree 2208 / LogL: -6607.777
Tree 2209 / LogL: -6605.807
Tree 2210 / LogL: -6603.869
Tree 2211 / LogL: -6605.771
Tree 2212 / LogL: -6605.202
Tree 2213 / LogL: -6604.138
Tree 2214 / LogL: -6605.210
Tree 2215 / LogL: -6604.951
Tree 2216 / LogL: -6604.577
Tree 2217 / LogL: -6605.271
Tree 2218 / LogL: -6607.565
Tree 2219 / LogL: -6606.068
Tree 2220 / LogL: -6606.420
Tree 2221 / LogL: -6603.049
Tree 2222 / LogL: -6604.602
Tree 2223 / LogL: -6606.285
Tree 2224 / LogL: -6607.069
Tree 2225 / LogL: -6601.391
Tree 2226 / LogL: -6610.764
Tree 2227 / LogL: -6605.042
Tree 2228 / LogL: -6607.122
Tree 2229 / LogL: -6605.159
Tree 2230 / LogL: -6606.910
Tree 2231 / LogL: -6605.528
Tree 2232 / LogL: -6604.724
Tree 2233 / LogL: -6607.883
Tree 2234 / LogL: -6607.485
Tree 2235 / LogL: -6606.975
Tree 2236 / LogL: -6604.274
Tree 2237 / LogL: -6607.896
Tree 2238 / LogL: -6607.296
Tree 2239 / LogL: -6606.480
Tree 2240 / LogL: -6607.180
Tree 2241 / LogL: -6603.651
Tree 2242 / LogL: -6608.954
Tree 2243 / LogL: -6603.161
Tree 2244 / LogL: -6604.138
Tree 2245 / LogL: -6604.499
Tree 2246 / LogL: -6604.996
Tree 2247 / LogL: -6605.692
Tree 2248 / LogL: -6605.486
Tree 2249 / LogL: -6604.621
Tree 2250 / LogL: -6605.125
Tree 2251 / LogL: -6605.752
Tree 2252 / LogL: -6604.785
Tree 2253 / LogL: -6603.180
Tree 2254 / LogL: -6605.311
Tree 2255 / LogL: -6605.378
Tree 2256 / LogL: -6609.428
Tree 2257 / LogL: -6608.095
Tree 2258 / LogL: -6608.728
Tree 2259 / LogL: -6607.132
Tree 2260 / LogL: -6608.190
Tree 2261 / LogL: -6603.830
Tree 2262 / LogL: -6608.266
Tree 2263 / LogL: -6607.933
Tree 2264 / LogL: -6607.215
Tree 2265 / LogL: -6608.700
Tree 2266 / LogL: -6610.605
Tree 2267 / LogL: -6608.467
Tree 2268 / LogL: -6605.235
Tree 2269 / LogL: -6605.071
Tree 2270 / LogL: -6605.676
Tree 2271 / LogL: -6608.719
Tree 2272 / LogL: -6606.665
Tree 2273 / LogL: -6608.224
Tree 2274 / LogL: -6608.146
Tree 2275 / LogL: -6606.361
Tree 2276 / LogL: -6607.567
Tree 2277 / LogL: -6606.203
Tree 2278 / LogL: -6604.960
Tree 2279 / LogL: -6603.780
Tree 2280 / LogL: -6606.587
Tree 2281 / LogL: -6605.018
Tree 2282 / LogL: -6604.577
Tree 2283 / LogL: -6606.631
Tree 2284 / LogL: -6606.966
Tree 2285 / LogL: -6606.545
Tree 2286 / LogL: -6605.230
Tree 2287 / LogL: -6604.635
Tree 2288 / LogL: -6604.360
Tree 2289 / LogL: -6604.715
Tree 2290 / LogL: -6609.135
Tree 2291 / LogL: -6605.418
Tree 2292 / LogL: -6605.819
Tree 2293 / LogL: -6605.972
Tree 2294 / LogL: -6603.042
Tree 2295 / LogL: -6604.200
Tree 2296 / LogL: -6606.693
Tree 2297 / LogL: -6606.127
Tree 2298 / LogL: -6609.568
Tree 2299 / LogL: -6607.677
Tree 2300 / LogL: -6603.329
Tree 2301 / LogL: -6605.130
Tree 2302 / LogL: -6607.330
Tree 2303 / LogL: -6606.097
Tree 2304 / LogL: -6606.741
Tree 2305 / LogL: -6605.310
Tree 2306 / LogL: -6610.242
Tree 2307 / LogL: -6606.536
Tree 2308 / LogL: -6605.157
Tree 2309 / LogL: -6605.903
Tree 2310 / LogL: -6606.985
Tree 2311 / LogL: -6604.804
Tree 2312 / LogL: -6606.603
Tree 2313 / LogL: -6604.594
Tree 2314 / LogL: -6604.288
Tree 2315 / LogL: -6604.125
Tree 2316 / LogL: -6607.753
Tree 2317 / LogL: -6604.595
Tree 2318 / LogL: -6602.992
Tree 2319 / LogL: -6605.182
Tree 2320 / LogL: -6602.712
Tree 2321 / LogL: -6606.355
Tree 2322 / LogL: -6605.860
Tree 2323 / LogL: -6603.378
Tree 2324 / LogL: -6603.465
Tree 2325 / LogL: -6604.438
Tree 2326 / LogL: -6604.936
Tree 2327 / LogL: -6604.363
Tree 2328 / LogL: -6604.131
Tree 2329 / LogL: -6604.546
Tree 2330 / LogL: -6605.992
Tree 2331 / LogL: -6606.403
Tree 2332 / LogL: -6604.468
Tree 2333 / LogL: -6606.065
Tree 2334 / LogL: -6606.298
Tree 2335 / LogL: -6604.328
Tree 2336 / LogL: -6605.426
Tree 2337 / LogL: -6605.641
Tree 2338 / LogL: -6605.259
Tree 2339 / LogL: -6608.870
Tree 2340 / LogL: -6607.836
Tree 2341 / LogL: -6606.734
Tree 2342 / LogL: -6605.165
Tree 2343 / LogL: -6602.564
Tree 2344 / LogL: -6601.872
Tree 2345 / LogL: -6604.889
Tree 2346 / LogL: -6603.770
Tree 2347 / LogL: -6606.997
Tree 2348 / LogL: -6605.941
Tree 2349 / LogL: -6603.750
Tree 2350 / LogL: -6602.958
Tree 2351 / LogL: -6609.062
Tree 2352 / LogL: -6608.014
Tree 2353 / LogL: -6601.720
Tree 2354 / LogL: -6602.503
Tree 2355 / LogL: -6605.249
Tree 2356 / LogL: -6605.573
Tree 2357 / LogL: -6606.380
Tree 2358 / LogL: -6608.123
Tree 2359 / LogL: -6607.150
Tree 2360 / LogL: -6603.858
Tree 2361 / LogL: -6608.654
Tree 2362 / LogL: -6608.801
Tree 2363 / LogL: -6603.336
Tree 2364 / LogL: -6609.637
Tree 2365 / LogL: -6605.474
Tree 2366 / LogL: -6604.395
Tree 2367 / LogL: -6604.840
Tree 2368 / LogL: -6607.101
Tree 2369 / LogL: -6606.516
Tree 2370 / LogL: -6604.368
Tree 2371 / LogL: -6602.015
Tree 2372 / LogL: -6604.510
Tree 2373 / LogL: -6603.756
Tree 2374 / LogL: -6604.642
Tree 2375 / LogL: -6604.845
Tree 2376 / LogL: -6605.933
Tree 2377 / LogL: -6606.518
Tree 2378 / LogL: -6605.093
Tree 2379 / LogL: -6607.187
Tree 2380 / LogL: -6606.458
Tree 2381 / LogL: -6603.295
Tree 2382 / LogL: -6606.086
Tree 2383 / LogL: -6604.771
Tree 2384 / LogL: -6607.296
Tree 2385 / LogL: -6604.281
Tree 2386 / LogL: -6606.069
Tree 2387 / LogL: -6603.764
Tree 2388 / LogL: -6604.163
Tree 2389 / LogL: -6603.441
Tree 2390 / LogL: -6605.516
Tree 2391 / LogL: -6606.253
Tree 2392 / LogL: -6604.600
Tree 2393 / LogL: -6609.774
Tree 2394 / LogL: -6605.114
Tree 2395 / LogL: -6604.995
Tree 2396 / LogL: -6606.770
Tree 2397 / LogL: -6605.441
Tree 2398 / LogL: -6605.630
Tree 2399 / LogL: -6606.255
Tree 2400 / LogL: -6607.742
Tree 2401 / LogL: -6608.396
Tree 2402 / LogL: -6607.129
Tree 2403 / LogL: -6602.563
Tree 2404 / LogL: -6605.602
Tree 2405 / LogL: -6606.502
Tree 2406 / LogL: -6606.468
Tree 2407 / LogL: -6607.991
Tree 2408 / LogL: -6605.886
Tree 2409 / LogL: -6603.084
Tree 2410 / LogL: -6607.127
Tree 2411 / LogL: -6606.170
Tree 2412 / LogL: -6604.384
Tree 2413 / LogL: -6607.334
Tree 2414 / LogL: -6606.218
Tree 2415 / LogL: -6604.805
Tree 2416 / LogL: -6604.663
Tree 2417 / LogL: -6605.696
Tree 2418 / LogL: -6606.865
Tree 2419 / LogL: -6604.818
Tree 2420 / LogL: -6606.325
Tree 2421 / LogL: -6605.436
Tree 2422 / LogL: -6605.685
Tree 2423 / LogL: -6606.539
Tree 2424 / LogL: -6604.026
Tree 2425 / LogL: -6605.276
Tree 2426 / LogL: -6604.090
Tree 2427 / LogL: -6607.812
Tree 2428 / LogL: -6606.078
Tree 2429 / LogL: -6610.663
Tree 2430 / LogL: -6604.027
Tree 2431 / LogL: -6605.719
Tree 2432 / LogL: -6609.051
Tree 2433 / LogL: -6603.922
Tree 2434 / LogL: -6604.354
Tree 2435 / LogL: -6606.234
Tree 2436 / LogL: -6605.330
Tree 2437 / LogL: -6606.506
Tree 2438 / LogL: -6607.017
Tree 2439 / LogL: -6609.225
Tree 2440 / LogL: -6605.568
Tree 2441 / LogL: -6606.817
Tree 2442 / LogL: -6606.261
Tree 2443 / LogL: -6602.615
Tree 2444 / LogL: -6606.185
Tree 2445 / LogL: -6605.452
Tree 2446 / LogL: -6609.246
Tree 2447 / LogL: -6611.588
Tree 2448 / LogL: -6604.146
Tree 2449 / LogL: -6607.357
Tree 2450 / LogL: -6607.425
Tree 2451 / LogL: -6605.648
Tree 2452 / LogL: -6603.791
Tree 2453 / LogL: -6603.096
Tree 2454 / LogL: -6605.777
Tree 2455 / LogL: -6604.880
Tree 2456 / LogL: -6605.657
Tree 2457 / LogL: -6604.654
Tree 2458 / LogL: -6604.128
Tree 2459 / LogL: -6604.523
Tree 2460 / LogL: -6602.762
Tree 2461 / LogL: -6603.322
Tree 2462 / LogL: -6608.012
Tree 2463 / LogL: -6604.860
Tree 2464 / LogL: -6605.342
Tree 2465 / LogL: -6609.002
Tree 2466 / LogL: -6608.964
Tree 2467 / LogL: -6605.281
Tree 2468 / LogL: -6602.673
Tree 2469 / LogL: -6603.447
Tree 2470 / LogL: -6607.641
Tree 2471 / LogL: -6604.872
Tree 2472 / LogL: -6604.575
Tree 2473 / LogL: -6605.394
Tree 2474 / LogL: -6606.624
Tree 2475 / LogL: -6606.068
Tree 2476 / LogL: -6607.945
Tree 2477 / LogL: -6605.840
Tree 2478 / LogL: -6605.028
Tree 2479 / LogL: -6605.479
Tree 2480 / LogL: -6605.528
Tree 2481 / LogL: -6603.266
Tree 2482 / LogL: -6601.484
Tree 2483 / LogL: -6605.062
Tree 2484 / LogL: -6605.880
Tree 2485 / LogL: -6605.470
Tree 2486 / LogL: -6606.541
Tree 2487 / LogL: -6604.864
Tree 2488 / LogL: -6607.107
Tree 2489 / LogL: -6607.359
Tree 2490 / LogL: -6605.000
Tree 2491 / LogL: -6608.160
Tree 2492 / LogL: -6605.902
Tree 2493 / LogL: -6603.470
Tree 2494 / LogL: -6605.501
Tree 2495 / LogL: -6602.906
Tree 2496 / LogL: -6602.908
Tree 2497 / LogL: -6607.497
Tree 2498 / LogL: -6609.299
Tree 2499 / LogL: -6604.644
Tree 2500 / LogL: -6602.615
Tree 2501 / LogL: -6605.680
Tree 2502 / LogL: -6604.036
Tree 2503 / LogL: -6605.659
Tree 2504 / LogL: -6606.990
Tree 2505 / LogL: -6605.721
Tree 2506 / LogL: -6605.803
Tree 2507 / LogL: -6605.313
Tree 2508 / LogL: -6604.066
Tree 2509 / LogL: -6603.120
Tree 2510 / LogL: -6604.347
Tree 2511 / LogL: -6604.919
Tree 2512 / LogL: -6605.286
Tree 2513 / LogL: -6603.509
Tree 2514 / LogL: -6605.065
Tree 2515 / LogL: -6606.140
Tree 2516 / LogL: -6604.085
Tree 2517 / LogL: -6607.055
Tree 2518 / LogL: -6605.923
Tree 2519 / LogL: -6603.939
Tree 2520 / LogL: -6603.192
Tree 2521 / LogL: -6605.551
Tree 2522 / LogL: -6607.399
Tree 2523 / LogL: -6608.247
Tree 2524 / LogL: -6606.675
Tree 2525 / LogL: -6604.023
Tree 2526 / LogL: -6604.435
Tree 2527 / LogL: -6604.749
Tree 2528 / LogL: -6601.385
Tree 2529 / LogL: -6607.726
Tree 2530 / LogL: -6603.286
Tree 2531 / LogL: -6606.161
Tree 2532 / LogL: -6605.110
Tree 2533 / LogL: -6605.009
Tree 2534 / LogL: -6606.206
Tree 2535 / LogL: -6603.994
Tree 2536 / LogL: -6605.994
Tree 2537 / LogL: -6606.396
Tree 2538 / LogL: -6611.233
Tree 2539 / LogL: -6603.941
Tree 2540 / LogL: -6603.604
Tree 2541 / LogL: -6605.949
Tree 2542 / LogL: -6606.338
Tree 2543 / LogL: -6605.188
Tree 2544 / LogL: -6605.011
Tree 2545 / LogL: -6605.849
Tree 2546 / LogL: -6604.322
Tree 2547 / LogL: -6606.143
Tree 2548 / LogL: -6605.404
Tree 2549 / LogL: -6605.982
Tree 2550 / LogL: -6606.908
Tree 2551 / LogL: -6607.423
Tree 2552 / LogL: -6605.335
Tree 2553 / LogL: -6607.911
Tree 2554 / LogL: -6608.341
Tree 2555 / LogL: -6606.780
Tree 2556 / LogL: -6602.832
Tree 2557 / LogL: -6604.646
Tree 2558 / LogL: -6604.676
Tree 2559 / LogL: -6604.405
Tree 2560 / LogL: -6605.510
Tree 2561 / LogL: -6604.660
Tree 2562 / LogL: -6604.438
Tree 2563 / LogL: -6605.916
Tree 2564 / LogL: -6604.719
Tree 2565 / LogL: -6603.674
Tree 2566 / LogL: -6607.093
Tree 2567 / LogL: -6601.663
Tree 2568 / LogL: -6607.019
Tree 2569 / LogL: -6604.520
Tree 2570 / LogL: -6606.559
Tree 2571 / LogL: -6604.897
Tree 2572 / LogL: -6604.307
Tree 2573 / LogL: -6605.604
Tree 2574 / LogL: -6609.277
Tree 2575 / LogL: -6603.535
Tree 2576 / LogL: -6606.502
Tree 2577 / LogL: -6605.700
Tree 2578 / LogL: -6607.870
Tree 2579 / LogL: -6604.708
Tree 2580 / LogL: -6605.111
Tree 2581 / LogL: -6607.501
Tree 2582 / LogL: -6605.250
Tree 2583 / LogL: -6604.888
Tree 2584 / LogL: -6606.039
Tree 2585 / LogL: -6606.230
Tree 2586 / LogL: -6607.847
Tree 2587 / LogL: -6604.047
Tree 2588 / LogL: -6609.055
Tree 2589 / LogL: -6607.040
Tree 2590 / LogL: -6606.634
Tree 2591 / LogL: -6608.682
Tree 2592 / LogL: -6608.375
Tree 2593 / LogL: -6605.472
Tree 2594 / LogL: -6607.421
Tree 2595 / LogL: -6607.789
Tree 2596 / LogL: -6604.543
Tree 2597 / LogL: -6605.372
Tree 2598 / LogL: -6607.537
Tree 2599 / LogL: -6606.095
Tree 2600 / LogL: -6605.227
Tree 2601 / LogL: -6607.345
Tree 2602 / LogL: -6605.321
Tree 2603 / LogL: -6607.977
Tree 2604 / LogL: -6608.265
Tree 2605 / LogL: -6604.059
Tree 2606 / LogL: -6606.893
Tree 2607 / LogL: -6605.553
Tree 2608 / LogL: -6606.027
Tree 2609 / LogL: -6604.380
Tree 2610 / LogL: -6604.679
Tree 2611 / LogL: -6603.929
Tree 2612 / LogL: -6604.796
Tree 2613 / LogL: -6607.269
Tree 2614 / LogL: -6604.502
Tree 2615 / LogL: -6604.003
Tree 2616 / LogL: -6605.928
Tree 2617 / LogL: -6602.139
Tree 2618 / LogL: -6607.253
Tree 2619 / LogL: -6602.675
Tree 2620 / LogL: -6607.389
Tree 2621 / LogL: -6603.668
Tree 2622 / LogL: -6608.141
Tree 2623 / LogL: -6605.817
Tree 2624 / LogL: -6604.615
Tree 2625 / LogL: -6604.508
Tree 2626 / LogL: -6606.466
Tree 2627 / LogL: -6606.793
Tree 2628 / LogL: -6604.887
Tree 2629 / LogL: -6607.091
Tree 2630 / LogL: -6607.005
Tree 2631 / LogL: -6603.557
Tree 2632 / LogL: -6606.069
Tree 2633 / LogL: -6605.681
Tree 2634 / LogL: -6602.792
Tree 2635 / LogL: -6603.999
Tree 2636 / LogL: -6605.369
Tree 2637 / LogL: -6602.180
Tree 2638 / LogL: -6604.835
Tree 2639 / LogL: -6603.904
Tree 2640 / LogL: -6608.115
Tree 2641 / LogL: -6606.787
Tree 2642 / LogL: -6607.406
Tree 2643 / LogL: -6605.497
Tree 2644 / LogL: -6605.306
Tree 2645 / LogL: -6605.078
Tree 2646 / LogL: -6603.462
Tree 2647 / LogL: -6604.240
Tree 2648 / LogL: -6605.127
Tree 2649 / LogL: -6604.147
Tree 2650 / LogL: -6600.409
Tree 2651 / LogL: -6603.265
Tree 2652 / LogL: -6605.424
Tree 2653 / LogL: -6605.929
Tree 2654 / LogL: -6607.496
Tree 2655 / LogL: -6606.372
Tree 2656 / LogL: -6603.406
Tree 2657 / LogL: -6606.085
Tree 2658 / LogL: -6604.651
Tree 2659 / LogL: -6605.644
Tree 2660 / LogL: -6607.185
Tree 2661 / LogL: -6602.731
Tree 2662 / LogL: -6602.064
Tree 2663 / LogL: -6607.915
Tree 2664 / LogL: -6604.789
Tree 2665 / LogL: -6604.191
Tree 2666 / LogL: -6605.695
Tree 2667 / LogL: -6604.986
Tree 2668 / LogL: -6607.101
Tree 2669 / LogL: -6604.082
Tree 2670 / LogL: -6605.879
Tree 2671 / LogL: -6605.026
Tree 2672 / LogL: -6604.038
Tree 2673 / LogL: -6605.453
Tree 2674 / LogL: -6604.071
Tree 2675 / LogL: -6604.536
Tree 2676 / LogL: -6605.297
Tree 2677 / LogL: -6604.773
Tree 2678 / LogL: -6604.773
Tree 2679 / LogL: -6604.952
Tree 2680 / LogL: -6609.574
Tree 2681 / LogL: -6607.101
Tree 2682 / LogL: -6604.634
Tree 2683 / LogL: -6605.492
Tree 2684 / LogL: -6607.675
Tree 2685 / LogL: -6604.565
Tree 2686 / LogL: -6606.274
Tree 2687 / LogL: -6604.570
Tree 2688 / LogL: -6607.446
Tree 2689 / LogL: -6610.616
Tree 2690 / LogL: -6606.894
Tree 2691 / LogL: -6605.211
Tree 2692 / LogL: -6605.764
Tree 2693 / LogL: -6604.384
Tree 2694 / LogL: -6604.646
Tree 2695 / LogL: -6603.066
Tree 2696 / LogL: -6605.587
Tree 2697 / LogL: -6607.598
Tree 2698 / LogL: -6605.693
Tree 2699 / LogL: -6604.923
Tree 2700 / LogL: -6605.380
Tree 2701 / LogL: -6603.676
Tree 2702 / LogL: -6606.262
Tree 2703 / LogL: -6607.094
Tree 2704 / LogL: -6609.436
Tree 2705 / LogL: -6603.471
Tree 2706 / LogL: -6602.470
Tree 2707 / LogL: -6606.049
Tree 2708 / LogL: -6607.110
Tree 2709 / LogL: -6606.246
Tree 2710 / LogL: -6607.087
Tree 2711 / LogL: -6607.466
Tree 2712 / LogL: -6607.045
Tree 2713 / LogL: -6606.619
Tree 2714 / LogL: -6606.517
Tree 2715 / LogL: -6608.674
Tree 2716 / LogL: -6607.139
Tree 2717 / LogL: -6606.927
Tree 2718 / LogL: -6607.651
Tree 2719 / LogL: -6605.885
Tree 2720 / LogL: -6605.880
Tree 2721 / LogL: -6605.071
Tree 2722 / LogL: -6608.281
Tree 2723 / LogL: -6610.657
Tree 2724 / LogL: -6605.309
Tree 2725 / LogL: -6604.784
Tree 2726 / LogL: -6604.466
Tree 2727 / LogL: -6604.287
Tree 2728 / LogL: -6607.872
Tree 2729 / LogL: -6603.673
Tree 2730 / LogL: -6605.565
Tree 2731 / LogL: -6605.954
Tree 2732 / LogL: -6605.267
Tree 2733 / LogL: -6608.210
Tree 2734 / LogL: -6606.955
Tree 2735 / LogL: -6604.715
Tree 2736 / LogL: -6604.307
Tree 2737 / LogL: -6604.074
Tree 2738 / LogL: -6604.379
Tree 2739 / LogL: -6605.038
Tree 2740 / LogL: -6603.779
Tree 2741 / LogL: -6601.544
Tree 2742 / LogL: -6602.326
Tree 2743 / LogL: -6603.929
Tree 2744 / LogL: -6604.380
Tree 2745 / LogL: -6606.132
Tree 2746 / LogL: -6608.768
Tree 2747 / LogL: -6607.857
Tree 2748 / LogL: -6604.330
Tree 2749 / LogL: -6605.090
Tree 2750 / LogL: -6604.171
Tree 2751 / LogL: -6606.710
Tree 2752 / LogL: -6604.814
Tree 2753 / LogL: -6604.545
Tree 2754 / LogL: -6606.902
Tree 2755 / LogL: -6607.225
Tree 2756 / LogL: -6610.315
Tree 2757 / LogL: -6604.661
Tree 2758 / LogL: -6606.115
Tree 2759 / LogL: -6604.628
Tree 2760 / LogL: -6608.126
Tree 2761 / LogL: -6607.119
Tree 2762 / LogL: -6606.601
Tree 2763 / LogL: -6607.804
Tree 2764 / LogL: -6607.052
Tree 2765 / LogL: -6607.744
Tree 2766 / LogL: -6605.596
Tree 2767 / LogL: -6605.659
Tree 2768 / LogL: -6606.111
Tree 2769 / LogL: -6605.449
Tree 2770 / LogL: -6606.729
Tree 2771 / LogL: -6608.035
Tree 2772 / LogL: -6601.416
Tree 2773 / LogL: -6603.823
Tree 2774 / LogL: -6607.129
Tree 2775 / LogL: -6603.554
Tree 2776 / LogL: -6605.127
Tree 2777 / LogL: -6604.441
Tree 2778 / LogL: -6606.047
Tree 2779 / LogL: -6607.087
Tree 2780 / LogL: -6602.553
Tree 2781 / LogL: -6603.927
Tree 2782 / LogL: -6602.480
Tree 2783 / LogL: -6607.568
Tree 2784 / LogL: -6605.422
Tree 2785 / LogL: -6603.984
Tree 2786 / LogL: -6605.661
Tree 2787 / LogL: -6604.794
Tree 2788 / LogL: -6606.170
Tree 2789 / LogL: -6606.395
Tree 2790 / LogL: -6605.655
Tree 2791 / LogL: -6605.368
Tree 2792 / LogL: -6606.317
Tree 2793 / LogL: -6605.108
Tree 2794 / LogL: -6605.703
Tree 2795 / LogL: -6605.108
Tree 2796 / LogL: -6607.276
Tree 2797 / LogL: -6604.891
Tree 2798 / LogL: -6607.297
Tree 2799 / LogL: -6607.828
Tree 2800 / LogL: -6604.661
Tree 2801 / LogL: -6607.586
Tree 2802 / LogL: -6605.577
Tree 2803 / LogL: -6605.305
Tree 2804 / LogL: -6603.062
Tree 2805 / LogL: -6604.887
Tree 2806 / LogL: -6601.437
Tree 2807 / LogL: -6605.937
Tree 2808 / LogL: -6605.663
Tree 2809 / LogL: -6606.764
Tree 2810 / LogL: -6606.450
Tree 2811 / LogL: -6606.562
Tree 2812 / LogL: -6604.188
Tree 2813 / LogL: -6606.382
Tree 2814 / LogL: -6607.043
Tree 2815 / LogL: -6607.631
Tree 2816 / LogL: -6605.770
Tree 2817 / LogL: -6606.636
Tree 2818 / LogL: -6605.407
Tree 2819 / LogL: -6603.095
Tree 2820 / LogL: -6606.863
Tree 2821 / LogL: -6606.854
Tree 2822 / LogL: -6609.309
Tree 2823 / LogL: -6607.776
Tree 2824 / LogL: -6606.698
Tree 2825 / LogL: -6605.523
Tree 2826 / LogL: -6601.518
Tree 2827 / LogL: -6603.636
Tree 2828 / LogL: -6605.855
Tree 2829 / LogL: -6604.875
Tree 2830 / LogL: -6604.755
Tree 2831 / LogL: -6604.487
Tree 2832 / LogL: -6604.441
Tree 2833 / LogL: -6604.839
Tree 2834 / LogL: -6604.991
Tree 2835 / LogL: -6606.342
Tree 2836 / LogL: -6605.390
Tree 2837 / LogL: -6606.696
Tree 2838 / LogL: -6605.153
Tree 2839 / LogL: -6607.462
Tree 2840 / LogL: -6604.075
Tree 2841 / LogL: -6605.511
Tree 2842 / LogL: -6605.355
Tree 2843 / LogL: -6606.321
Tree 2844 / LogL: -6606.061
Tree 2845 / LogL: -6605.147
Tree 2846 / LogL: -6606.203
Tree 2847 / LogL: -6604.466
Tree 2848 / LogL: -6606.765
Tree 2849 / LogL: -6608.063
Tree 2850 / LogL: -6606.470
Tree 2851 / LogL: -6603.568
Tree 2852 / LogL: -6606.543
Tree 2853 / LogL: -6608.425
Tree 2854 / LogL: -6608.100
Tree 2855 / LogL: -6611.120
Tree 2856 / LogL: -6605.383
Tree 2857 / LogL: -6605.327
Tree 2858 / LogL: -6608.215
Tree 2859 / LogL: -6607.434
Tree 2860 / LogL: -6606.977
Tree 2861 / LogL: -6603.138
Tree 2862 / LogL: -6605.122
Tree 2863 / LogL: -6603.087
Tree 2864 / LogL: -6603.455
Tree 2865 / LogL: -6603.429
Tree 2866 / LogL: -6603.221
Tree 2867 / LogL: -6607.889
Tree 2868 / LogL: -6607.210
Tree 2869 / LogL: -6605.650
Tree 2870 / LogL: -6602.449
Tree 2871 / LogL: -6610.255
Tree 2872 / LogL: -6604.226
Tree 2873 / LogL: -6606.361
Tree 2874 / LogL: -6609.466
Tree 2875 / LogL: -6605.759
Tree 2876 / LogL: -6604.199
Tree 2877 / LogL: -6603.752
Tree 2878 / LogL: -6605.947
Tree 2879 / LogL: -6605.827
Tree 2880 / LogL: -6606.113
Tree 2881 / LogL: -6606.843
Tree 2882 / LogL: -6606.601
Tree 2883 / LogL: -6604.935
Tree 2884 / LogL: -6603.671
Tree 2885 / LogL: -6602.505
Tree 2886 / LogL: -6603.738
Tree 2887 / LogL: -6607.039
Tree 2888 / LogL: -6607.418
Tree 2889 / LogL: -6606.546
Tree 2890 / LogL: -6606.687
Tree 2891 / LogL: -6606.474
Tree 2892 / LogL: -6606.296
Tree 2893 / LogL: -6608.098
Tree 2894 / LogL: -6604.157
Tree 2895 / LogL: -6604.729
Tree 2896 / LogL: -6604.577
Tree 2897 / LogL: -6608.258
Tree 2898 / LogL: -6605.708
Tree 2899 / LogL: -6605.440
Tree 2900 / LogL: -6602.707
Tree 2901 / LogL: -6604.948
Tree 2902 / LogL: -6606.207
Tree 2903 / LogL: -6605.776
Tree 2904 / LogL: -6604.948
Tree 2905 / LogL: -6604.125
Tree 2906 / LogL: -6606.588
Tree 2907 / LogL: -6606.204
Tree 2908 / LogL: -6603.657
Tree 2909 / LogL: -6604.749
Tree 2910 / LogL: -6605.417
Tree 2911 / LogL: -6606.494
Tree 2912 / LogL: -6606.003
Tree 2913 / LogL: -6605.625
Tree 2914 / LogL: -6603.336
Tree 2915 / LogL: -6608.224
Tree 2916 / LogL: -6605.413
Tree 2917 / LogL: -6606.882
Tree 2918 / LogL: -6606.566
Tree 2919 / LogL: -6606.204
Tree 2920 / LogL: -6607.242
Tree 2921 / LogL: -6607.162
Tree 2922 / LogL: -6608.684
Tree 2923 / LogL: -6604.941
Tree 2924 / LogL: -6604.271
Tree 2925 / LogL: -6609.405
Tree 2926 / LogL: -6605.372
Tree 2927 / LogL: -6606.550
Tree 2928 / LogL: -6605.807
Tree 2929 / LogL: -6605.160
Tree 2930 / LogL: -6608.231
Tree 2931 / LogL: -6606.272
Tree 2932 / LogL: -6607.121
Tree 2933 / LogL: -6606.755
Tree 2934 / LogL: -6605.789
Tree 2935 / LogL: -6607.304
Tree 2936 / LogL: -6605.946
Tree 2937 / LogL: -6606.001
Tree 2938 / LogL: -6608.648
Tree 2939 / LogL: -6607.819
Tree 2940 / LogL: -6605.725
Tree 2941 / LogL: -6604.394
Tree 2942 / LogL: -6604.305
Tree 2943 / LogL: -6604.609
Tree 2944 / LogL: -6605.040
Tree 2945 / LogL: -6604.514
Tree 2946 / LogL: -6605.702
Tree 2947 / LogL: -6613.925
Tree 2948 / LogL: -6607.305
Tree 2949 / LogL: -6607.999
Tree 2950 / LogL: -6607.767
Tree 2951 / LogL: -6607.704
Tree 2952 / LogL: -6605.689
Tree 2953 / LogL: -6609.370
Tree 2954 / LogL: -6606.613
Tree 2955 / LogL: -6607.281
Tree 2956 / LogL: -6606.403
Tree 2957 / LogL: -6606.480
Tree 2958 / LogL: -6605.419
Tree 2959 / LogL: -6605.809
Tree 2960 / LogL: -6607.557
Tree 2961 / LogL: -6606.338
Tree 2962 / LogL: -6605.757
Tree 2963 / LogL: -6605.219
Tree 2964 / LogL: -6603.831
Tree 2965 / LogL: -6607.419
Tree 2966 / LogL: -6606.373
Tree 2967 / LogL: -6608.715
Tree 2968 / LogL: -6601.557
Tree 2969 / LogL: -6605.726
Tree 2970 / LogL: -6606.261
Tree 2971 / LogL: -6605.828
Tree 2972 / LogL: -6605.571
Tree 2973 / LogL: -6606.312
Tree 2974 / LogL: -6606.497
Tree 2975 / LogL: -6605.363
Tree 2976 / LogL: -6604.515
Tree 2977 / LogL: -6605.737
Tree 2978 / LogL: -6605.080
Tree 2979 / LogL: -6606.632
Tree 2980 / LogL: -6604.165
Tree 2981 / LogL: -6606.387
Tree 2982 / LogL: -6602.674
Tree 2983 / LogL: -6606.762
Tree 2984 / LogL: -6609.242
Tree 2985 / LogL: -6604.976
Tree 2986 / LogL: -6612.358
Tree 2987 / LogL: -6607.338
Tree 2988 / LogL: -6607.877
Tree 2989 / LogL: -6606.223
Tree 2990 / LogL: -6604.817
Tree 2991 / LogL: -6605.887
Tree 2992 / LogL: -6606.218
Tree 2993 / LogL: -6606.417
Tree 2994 / LogL: -6605.883
Tree 2995 / LogL: -6605.029
Tree 2996 / LogL: -6606.493
Time for evaluating all trees: 23.686 sec.

Analysis results written to: 
  IQ-TREE report:                ds1.fasta.iqtree
  Maximum-likelihood tree:       ds1.fasta.treefile
  Evaluated user trees:          ds1.fasta.trees
  Screen log file:               ds1.fasta.log

ALISIM COMMAND
--------------
--alisim simulated_MSA -t ds1.fasta.treefile -m "JC+I{0.754776}" --length 1949

Date and Time: Thu Dec 15 12:12:01 2022
